This is pdfTeX, Version 3.14159265-2.6-1.40.20 (TeX Live 2019) (preloaded format=pdflatex 2019.5.8)  20 AUG 2019 15:04
entering extended mode
 restricted \write18 enabled.
 %&-line parsing enabled.
**presentation_1.tex
(./presentation_1.tex
LaTeX2e <2018-12-01>
(/usr/local/texlive/2019/texmf-dist/tex/latex/beamer/beamer.cls
Document Class: beamer 2018/12/02 v3.55 A class for typesetting presentations
(/usr/local/texlive/2019/texmf-dist/tex/latex/beamer/beamerbasemodes.sty
(/usr/local/texlive/2019/texmf-dist/tex/latex/etoolbox/etoolbox.sty
Package: etoolbox 2018/08/19 v2.5f e-TeX tools for LaTeX (JAW)
\etb@tempcnta=\count80
)
\beamer@tempbox=\box27
\beamer@tempcount=\count81
\c@beamerpauses=\count82

(/usr/local/texlive/2019/texmf-dist/tex/latex/beamer/beamerbasedecode.sty
\beamer@slideinframe=\count83
\beamer@minimum=\count84
)
\beamer@commentbox=\box28
\beamer@modecount=\count85
)
(/usr/local/texlive/2019/texmf-dist/tex/generic/oberdiek/ifpdf.sty
Package: ifpdf 2018/09/07 v3.3 Provides the ifpdf switch
)
\headdp=\dimen102
\footheight=\dimen103
\sidebarheight=\dimen104
\beamer@tempdim=\dimen105
\beamer@finalheight=\dimen106
\beamer@animht=\dimen107
\beamer@animdp=\dimen108
\beamer@animwd=\dimen109
\beamer@leftmargin=\dimen110
\beamer@rightmargin=\dimen111
\beamer@leftsidebar=\dimen112
\beamer@rightsidebar=\dimen113
\beamer@boxsize=\dimen114
\beamer@vboxoffset=\dimen115
\beamer@descdefault=\dimen116
\beamer@descriptionwidth=\dimen117
\beamer@lastskip=\skip41
\beamer@areabox=\box29
\beamer@animcurrent=\box30
\beamer@animshowbox=\box31
\beamer@sectionbox=\box32
\beamer@logobox=\box33
\beamer@linebox=\box34
\beamer@sectioncount=\count86
\beamer@subsubsectionmax=\count87
\beamer@subsectionmax=\count88
\beamer@sectionmax=\count89
\beamer@totalheads=\count90
\beamer@headcounter=\count91
\beamer@partstartpage=\count92
\beamer@sectionstartpage=\count93
\beamer@subsectionstartpage=\count94
\beamer@animationtempa=\count95
\beamer@animationtempb=\count96
\beamer@xpos=\count97
\beamer@ypos=\count98
\beamer@ypos@offset=\count99
\beamer@showpartnumber=\count100
\beamer@currentsubsection=\count101
\beamer@coveringdepth=\count102
\beamer@sectionadjust=\count103
\beamer@tocsectionnumber=\count104

(/usr/local/texlive/2019/texmf-dist/tex/latex/beamer/beamerbaseoptions.sty
(/usr/local/texlive/2019/texmf-dist/tex/latex/graphics/keyval.sty
Package: keyval 2014/10/28 v1.15 key=value parser (DPC)
\KV@toks@=\toks14
))
\beamer@paperwidth=\skip42
\beamer@paperheight=\skip43

(/usr/local/texlive/2019/texmf-dist/tex/latex/geometry/geometry.sty
Package: geometry 2018/04/16 v5.8 Page Geometry

(/usr/local/texlive/2019/texmf-dist/tex/generic/oberdiek/ifvtex.sty
Package: ifvtex 2016/05/16 v1.6 Detect VTeX and its facilities (HO)
Package ifvtex Info: VTeX not detected.
)
(/usr/local/texlive/2019/texmf-dist/tex/generic/ifxetex/ifxetex.sty
Package: ifxetex 2010/09/12 v0.6 Provides ifxetex conditional
)
\Gm@cnth=\count105
\Gm@cntv=\count106
\c@Gm@tempcnt=\count107
\Gm@bindingoffset=\dimen118
\Gm@wd@mp=\dimen119
\Gm@odd@mp=\dimen120
\Gm@even@mp=\dimen121
\Gm@layoutwidth=\dimen122
\Gm@layoutheight=\dimen123
\Gm@layouthoffset=\dimen124
\Gm@layoutvoffset=\dimen125
\Gm@dimlist=\toks15
)
(/usr/local/texlive/2019/texmf-dist/tex/latex/base/size11.clo
File: size11.clo 2018/09/03 v1.4i Standard LaTeX file (size option)
)
(/usr/local/texlive/2019/texmf-dist/tex/latex/pgf/basiclayer/pgfcore.sty
(/usr/local/texlive/2019/texmf-dist/tex/latex/graphics/graphicx.sty
Package: graphicx 2017/06/01 v1.1a Enhanced LaTeX Graphics (DPC,SPQR)

(/usr/local/texlive/2019/texmf-dist/tex/latex/graphics/graphics.sty
Package: graphics 2017/06/25 v1.2c Standard LaTeX Graphics (DPC,SPQR)

(/usr/local/texlive/2019/texmf-dist/tex/latex/graphics/trig.sty
Package: trig 2016/01/03 v1.10 sin cos tan (DPC)
)
(/usr/local/texlive/2019/texmf-dist/tex/latex/graphics-cfg/graphics.cfg
File: graphics.cfg 2016/06/04 v1.11 sample graphics configuration
)
Package graphics Info: Driver file: pdftex.def on input line 99.

(/usr/local/texlive/2019/texmf-dist/tex/latex/graphics-def/pdftex.def
File: pdftex.def 2018/01/08 v1.0l Graphics/color driver for pdftex
))
\Gin@req@height=\dimen126
\Gin@req@width=\dimen127
)
(/usr/local/texlive/2019/texmf-dist/tex/latex/pgf/systemlayer/pgfsys.sty
(/usr/local/texlive/2019/texmf-dist/tex/latex/pgf/utilities/pgfrcs.sty
(/usr/local/texlive/2019/texmf-dist/tex/generic/pgf/utilities/pgfutil-common.te
x
\pgfutil@everybye=\toks16
\pgfutil@tempdima=\dimen128
\pgfutil@tempdimb=\dimen129

(/usr/local/texlive/2019/texmf-dist/tex/generic/pgf/utilities/pgfutil-common-li
sts.tex))
(/usr/local/texlive/2019/texmf-dist/tex/generic/pgf/utilities/pgfutil-latex.def
\pgfutil@abb=\box35
(/usr/local/texlive/2019/texmf-dist/tex/latex/ms/everyshi.sty
Package: everyshi 2001/05/15 v3.00 EveryShipout Package (MS)
))
(/usr/local/texlive/2019/texmf-dist/tex/generic/pgf/utilities/pgfrcs.code.tex
(/usr/local/texlive/2019/texmf-dist/tex/generic/pgf/pgf.revision.tex)
Package: pgfrcs 2019/04/04 v3.1.2 (3.1.2)
))
(/usr/local/texlive/2019/texmf-dist/tex/generic/pgf/systemlayer/pgfsys.code.tex
Package: pgfsys 2019/04/04 v3.1.2 (3.1.2)
(/usr/local/texlive/2019/texmf-dist/tex/generic/pgf/utilities/pgfkeys.code.tex
\pgfkeys@pathtoks=\toks17
\pgfkeys@temptoks=\toks18

(/usr/local/texlive/2019/texmf-dist/tex/generic/pgf/utilities/pgfkeysfiltered.c
ode.tex
\pgfkeys@tmptoks=\toks19
))
\pgf@x=\dimen130
\pgf@y=\dimen131
\pgf@xa=\dimen132
\pgf@ya=\dimen133
\pgf@xb=\dimen134
\pgf@yb=\dimen135
\pgf@xc=\dimen136
\pgf@yc=\dimen137
\w@pgf@writea=\write3
\r@pgf@reada=\read1
\c@pgf@counta=\count108
\c@pgf@countb=\count109
\c@pgf@countc=\count110
\c@pgf@countd=\count111
\t@pgf@toka=\toks20
\t@pgf@tokb=\toks21
\t@pgf@tokc=\toks22
\pgf@sys@id@count=\count112

(/usr/local/texlive/2019/texmf-dist/tex/generic/pgf/systemlayer/pgf.cfg
File: pgf.cfg 2019/04/04 v3.1.2 (3.1.2)
)
Driver file for pgf: pgfsys-pdftex.def

(/usr/local/texlive/2019/texmf-dist/tex/generic/pgf/systemlayer/pgfsys-pdftex.d
ef
File: pgfsys-pdftex.def 2019/04/04 v3.1.2 (3.1.2)

(/usr/local/texlive/2019/texmf-dist/tex/generic/pgf/systemlayer/pgfsys-common-p
df.def
File: pgfsys-common-pdf.def 2019/04/04 v3.1.2 (3.1.2)
)))
(/usr/local/texlive/2019/texmf-dist/tex/generic/pgf/systemlayer/pgfsyssoftpath.
code.tex
File: pgfsyssoftpath.code.tex 2019/04/04 v3.1.2 (3.1.2)
\pgfsyssoftpath@smallbuffer@items=\count113
\pgfsyssoftpath@bigbuffer@items=\count114
)
(/usr/local/texlive/2019/texmf-dist/tex/generic/pgf/systemlayer/pgfsysprotocol.
code.tex
File: pgfsysprotocol.code.tex 2019/04/04 v3.1.2 (3.1.2)
)) (/usr/local/texlive/2019/texmf-dist/tex/latex/xcolor/xcolor.sty
Package: xcolor 2016/05/11 v2.12 LaTeX color extensions (UK)

(/usr/local/texlive/2019/texmf-dist/tex/latex/graphics-cfg/color.cfg
File: color.cfg 2016/01/02 v1.6 sample color configuration
)
Package xcolor Info: Driver file: pdftex.def on input line 225.
Package xcolor Info: Model `cmy' substituted by `cmy0' on input line 1348.
Package xcolor Info: Model `hsb' substituted by `rgb' on input line 1352.
Package xcolor Info: Model `RGB' extended on input line 1364.
Package xcolor Info: Model `HTML' substituted by `rgb' on input line 1366.
Package xcolor Info: Model `Hsb' substituted by `hsb' on input line 1367.
Package xcolor Info: Model `tHsb' substituted by `hsb' on input line 1368.
Package xcolor Info: Model `HSB' substituted by `hsb' on input line 1369.
Package xcolor Info: Model `Gray' substituted by `gray' on input line 1370.
Package xcolor Info: Model `wave' substituted by `hsb' on input line 1371.
)
(/usr/local/texlive/2019/texmf-dist/tex/generic/pgf/basiclayer/pgfcore.code.tex
Package: pgfcore 2019/04/04 v3.1.2 (3.1.2)
(/usr/local/texlive/2019/texmf-dist/tex/generic/pgf/math/pgfmath.code.tex
(/usr/local/texlive/2019/texmf-dist/tex/generic/pgf/math/pgfmathcalc.code.tex
(/usr/local/texlive/2019/texmf-dist/tex/generic/pgf/math/pgfmathutil.code.tex)
(/usr/local/texlive/2019/texmf-dist/tex/generic/pgf/math/pgfmathparser.code.tex
\pgfmath@dimen=\dimen138
\pgfmath@count=\count115
\pgfmath@box=\box36
\pgfmath@toks=\toks23
\pgfmath@stack@operand=\toks24
\pgfmath@stack@operation=\toks25
)
(/usr/local/texlive/2019/texmf-dist/tex/generic/pgf/math/pgfmathfunctions.code.
tex
(/usr/local/texlive/2019/texmf-dist/tex/generic/pgf/math/pgfmathfunctions.basic
.code.tex)
(/usr/local/texlive/2019/texmf-dist/tex/generic/pgf/math/pgfmathfunctions.trigo
nometric.code.tex)
(/usr/local/texlive/2019/texmf-dist/tex/generic/pgf/math/pgfmathfunctions.rando
m.code.tex)
(/usr/local/texlive/2019/texmf-dist/tex/generic/pgf/math/pgfmathfunctions.compa
rison.code.tex)
(/usr/local/texlive/2019/texmf-dist/tex/generic/pgf/math/pgfmathfunctions.base.
code.tex)
(/usr/local/texlive/2019/texmf-dist/tex/generic/pgf/math/pgfmathfunctions.round
.code.tex)
(/usr/local/texlive/2019/texmf-dist/tex/generic/pgf/math/pgfmathfunctions.misc.
code.tex)
(/usr/local/texlive/2019/texmf-dist/tex/generic/pgf/math/pgfmathfunctions.integ
erarithmetics.code.tex)))
(/usr/local/texlive/2019/texmf-dist/tex/generic/pgf/math/pgfmathfloat.code.tex
\c@pgfmathroundto@lastzeros=\count116
))
(/usr/local/texlive/2019/texmf-dist/tex/generic/pgf/basiclayer/pgfcorepoints.co
de.tex
File: pgfcorepoints.code.tex 2019/04/04 v3.1.2 (3.1.2)
\pgf@picminx=\dimen139
\pgf@picmaxx=\dimen140
\pgf@picminy=\dimen141
\pgf@picmaxy=\dimen142
\pgf@pathminx=\dimen143
\pgf@pathmaxx=\dimen144
\pgf@pathminy=\dimen145
\pgf@pathmaxy=\dimen146
\pgf@xx=\dimen147
\pgf@xy=\dimen148
\pgf@yx=\dimen149
\pgf@yy=\dimen150
\pgf@zx=\dimen151
\pgf@zy=\dimen152
)
(/usr/local/texlive/2019/texmf-dist/tex/generic/pgf/basiclayer/pgfcorepathconst
ruct.code.tex
File: pgfcorepathconstruct.code.tex 2019/04/04 v3.1.2 (3.1.2)
\pgf@path@lastx=\dimen153
\pgf@path@lasty=\dimen154
)
(/usr/local/texlive/2019/texmf-dist/tex/generic/pgf/basiclayer/pgfcorepathusage
.code.tex
File: pgfcorepathusage.code.tex 2019/04/04 v3.1.2 (3.1.2)
\pgf@shorten@end@additional=\dimen155
\pgf@shorten@start@additional=\dimen156
)
(/usr/local/texlive/2019/texmf-dist/tex/generic/pgf/basiclayer/pgfcorescopes.co
de.tex
File: pgfcorescopes.code.tex 2019/04/04 v3.1.2 (3.1.2)
\pgfpic=\box37
\pgf@hbox=\box38
\pgf@layerbox@main=\box39
\pgf@picture@serial@count=\count117
)
(/usr/local/texlive/2019/texmf-dist/tex/generic/pgf/basiclayer/pgfcoregraphicst
ate.code.tex
File: pgfcoregraphicstate.code.tex 2019/04/04 v3.1.2 (3.1.2)
\pgflinewidth=\dimen157
)
(/usr/local/texlive/2019/texmf-dist/tex/generic/pgf/basiclayer/pgfcoretransform
ations.code.tex
File: pgfcoretransformations.code.tex 2019/04/04 v3.1.2 (3.1.2)
\pgf@pt@x=\dimen158
\pgf@pt@y=\dimen159
\pgf@pt@temp=\dimen160
)
(/usr/local/texlive/2019/texmf-dist/tex/generic/pgf/basiclayer/pgfcorequick.cod
e.tex
File: pgfcorequick.code.tex 2019/04/04 v3.1.2 (3.1.2)
)
(/usr/local/texlive/2019/texmf-dist/tex/generic/pgf/basiclayer/pgfcoreobjects.c
ode.tex
File: pgfcoreobjects.code.tex 2019/04/04 v3.1.2 (3.1.2)
)
(/usr/local/texlive/2019/texmf-dist/tex/generic/pgf/basiclayer/pgfcorepathproce
ssing.code.tex
File: pgfcorepathprocessing.code.tex 2019/04/04 v3.1.2 (3.1.2)
)
(/usr/local/texlive/2019/texmf-dist/tex/generic/pgf/basiclayer/pgfcorearrows.co
de.tex
File: pgfcorearrows.code.tex 2019/04/04 v3.1.2 (3.1.2)
\pgfarrowsep=\dimen161
)
(/usr/local/texlive/2019/texmf-dist/tex/generic/pgf/basiclayer/pgfcoreshade.cod
e.tex
File: pgfcoreshade.code.tex 2019/04/04 v3.1.2 (3.1.2)
\pgf@max=\dimen162
\pgf@sys@shading@range@num=\count118
\pgf@shadingcount=\count119
)
(/usr/local/texlive/2019/texmf-dist/tex/generic/pgf/basiclayer/pgfcoreimage.cod
e.tex
File: pgfcoreimage.code.tex 2019/04/04 v3.1.2 (3.1.2)

(/usr/local/texlive/2019/texmf-dist/tex/generic/pgf/basiclayer/pgfcoreexternal.
code.tex
File: pgfcoreexternal.code.tex 2019/04/04 v3.1.2 (3.1.2)
\pgfexternal@startupbox=\box40
))
(/usr/local/texlive/2019/texmf-dist/tex/generic/pgf/basiclayer/pgfcorelayers.co
de.tex
File: pgfcorelayers.code.tex 2019/04/04 v3.1.2 (3.1.2)
)
(/usr/local/texlive/2019/texmf-dist/tex/generic/pgf/basiclayer/pgfcoretranspare
ncy.code.tex
File: pgfcoretransparency.code.tex 2019/04/04 v3.1.2 (3.1.2)
)
(/usr/local/texlive/2019/texmf-dist/tex/generic/pgf/basiclayer/pgfcorepatterns.
code.tex
File: pgfcorepatterns.code.tex 2019/04/04 v3.1.2 (3.1.2)
)
(/usr/local/texlive/2019/texmf-dist/tex/generic/pgf/basiclayer/pgfcorerdf.code.
tex
File: pgfcorerdf.code.tex 2019/04/04 v3.1.2 (3.1.2)
))) (/usr/local/texlive/2019/texmf-dist/tex/latex/pgf/utilities/xxcolor.sty
Package: xxcolor 2003/10/24 ver 0.1
\XC@nummixins=\count120
\XC@countmixins=\count121
) (/usr/local/texlive/2019/texmf-dist/tex/generic/oberdiek/atbegshi.sty
Package: atbegshi 2016/06/09 v1.18 At begin shipout hook (HO)

(/usr/local/texlive/2019/texmf-dist/tex/generic/oberdiek/infwarerr.sty
Package: infwarerr 2016/05/16 v1.4 Providing info/warning/error messages (HO)
)
(/usr/local/texlive/2019/texmf-dist/tex/generic/oberdiek/ltxcmds.sty
Package: ltxcmds 2016/05/16 v1.23 LaTeX kernel commands for general use (HO)
))
(/usr/local/texlive/2019/texmf-dist/tex/latex/hyperref/hyperref.sty
Package: hyperref 2018/11/30 v6.88e Hypertext links for LaTeX

(/usr/local/texlive/2019/texmf-dist/tex/generic/oberdiek/hobsub-hyperref.sty
Package: hobsub-hyperref 2016/05/16 v1.14 Bundle oberdiek, subset hyperref (HO)


(/usr/local/texlive/2019/texmf-dist/tex/generic/oberdiek/hobsub-generic.sty
Package: hobsub-generic 2016/05/16 v1.14 Bundle oberdiek, subset generic (HO)
Package: hobsub 2016/05/16 v1.14 Construct package bundles (HO)
Package hobsub Info: Skipping package `infwarerr' (already loaded).
Package hobsub Info: Skipping package `ltxcmds' (already loaded).
Package: ifluatex 2016/05/16 v1.4 Provides the ifluatex switch (HO)
Package ifluatex Info: LuaTeX not detected.
Package hobsub Info: Skipping package `ifvtex' (already loaded).
Package: intcalc 2016/05/16 v1.2 Expandable calculations with integers (HO)
Package hobsub Info: Skipping package `ifpdf' (already loaded).
Package: etexcmds 2016/05/16 v1.6 Avoid name clashes with e-TeX commands (HO)
Package: kvsetkeys 2016/05/16 v1.17 Key value parser (HO)
Package: kvdefinekeys 2016/05/16 v1.4 Define keys (HO)
Package: pdftexcmds 2018/09/10 v0.29 Utility functions of pdfTeX for LuaTeX (HO
)
Package pdftexcmds Info: LuaTeX not detected.
Package pdftexcmds Info: \pdf@primitive is available.
Package pdftexcmds Info: \pdf@ifprimitive is available.
Package pdftexcmds Info: \pdfdraftmode found.
Package: pdfescape 2016/05/16 v1.14 Implements pdfTeX's escape features (HO)
Package: bigintcalc 2016/05/16 v1.4 Expandable calculations on big integers (HO
)
Package: bitset 2016/05/16 v1.2 Handle bit-vector datatype (HO)
Package: uniquecounter 2016/05/16 v1.3 Provide unlimited unique counter (HO)
)
Package hobsub Info: Skipping package `hobsub' (already loaded).
Package: letltxmacro 2016/05/16 v1.5 Let assignment for LaTeX macros (HO)
Package: hopatch 2016/05/16 v1.3 Wrapper for package hooks (HO)
Package: xcolor-patch 2016/05/16 xcolor patch
Package: atveryend 2016/05/16 v1.9 Hooks at the very end of document (HO)
Package hobsub Info: Skipping package `atbegshi' (already loaded).
Package: refcount 2016/05/16 v3.5 Data extraction from label references (HO)
Package: hycolor 2016/05/16 v1.8 Color options for hyperref/bookmark (HO)
)
(/usr/local/texlive/2019/texmf-dist/tex/latex/oberdiek/auxhook.sty
Package: auxhook 2016/05/16 v1.4 Hooks for auxiliary files (HO)
)
(/usr/local/texlive/2019/texmf-dist/tex/latex/oberdiek/kvoptions.sty
Package: kvoptions 2016/05/16 v3.12 Key value format for package options (HO)
)
\@linkdim=\dimen163
\Hy@linkcounter=\count122
\Hy@pagecounter=\count123

(/usr/local/texlive/2019/texmf-dist/tex/latex/hyperref/pd1enc.def
File: pd1enc.def 2018/11/30 v6.88e Hyperref: PDFDocEncoding definition (HO)
Now handling font encoding PD1 ...
... no UTF-8 mapping file for font encoding PD1
)
\Hy@SavedSpaceFactor=\count124

(/usr/local/texlive/2019/texmf-dist/tex/latex/latexconfig/hyperref.cfg
File: hyperref.cfg 2002/06/06 v1.2 hyperref configuration of TeXLive
)
Package hyperref Info: Option `bookmarks' set `true' on input line 4393.
Package hyperref Info: Option `bookmarksopen' set `true' on input line 4393.
Package hyperref Info: Option `implicit' set `false' on input line 4393.
Package hyperref Info: Hyper figures OFF on input line 4519.
Package hyperref Info: Link nesting OFF on input line 4524.
Package hyperref Info: Hyper index ON on input line 4527.
Package hyperref Info: Plain pages OFF on input line 4534.
Package hyperref Info: Backreferencing OFF on input line 4539.
Package hyperref Info: Implicit mode OFF; no redefinition of LaTeX internals.
Package hyperref Info: Bookmarks ON on input line 4772.
\c@Hy@tempcnt=\count125

(/usr/local/texlive/2019/texmf-dist/tex/latex/url/url.sty
\Urlmuskip=\muskip10
Package: url 2013/09/16  ver 3.4  Verb mode for urls, etc.
)
LaTeX Info: Redefining \url on input line 5125.
\XeTeXLinkMargin=\dimen164
\Fld@menulength=\count126
\Field@Width=\dimen165
\Fld@charsize=\dimen166
Package hyperref Info: Hyper figures OFF on input line 6380.
Package hyperref Info: Link nesting OFF on input line 6385.
Package hyperref Info: Hyper index ON on input line 6388.
Package hyperref Info: backreferencing OFF on input line 6395.
Package hyperref Info: Link coloring OFF on input line 6400.
Package hyperref Info: Link coloring with OCG OFF on input line 6405.
Package hyperref Info: PDF/A mode OFF on input line 6410.
LaTeX Info: Redefining \ref on input line 6450.
LaTeX Info: Redefining \pageref on input line 6454.
\Hy@abspage=\count127


Package hyperref Message: Stopped early.

)
Package hyperref Info: Driver (autodetected): hpdftex.
 (/usr/local/texlive/2019/texmf-dist/tex/latex/hyperref/hpdftex.def
File: hpdftex.def 2018/11/30 v6.88e Hyperref driver for pdfTeX
\Fld@listcount=\count128
\c@bookmark@seq@number=\count129

(/usr/local/texlive/2019/texmf-dist/tex/latex/oberdiek/rerunfilecheck.sty
Package: rerunfilecheck 2016/05/16 v1.8 Rerun checks for auxiliary files (HO)
Package uniquecounter Info: New unique counter `rerunfilecheck' on input line 2
82.
))
(/usr/local/texlive/2019/texmf-dist/tex/latex/beamer/beamerbaserequires.sty
(/usr/local/texlive/2019/texmf-dist/tex/latex/beamer/beamerbasecompatibility.st
y) (/usr/local/texlive/2019/texmf-dist/tex/latex/beamer/beamerbasefont.sty
(/usr/local/texlive/2019/texmf-dist/tex/latex/amsfonts/amssymb.sty
Package: amssymb 2013/01/14 v3.01 AMS font symbols

(/usr/local/texlive/2019/texmf-dist/tex/latex/amsfonts/amsfonts.sty
Package: amsfonts 2013/01/14 v3.01 Basic AMSFonts support
\@emptytoks=\toks26
\symAMSa=\mathgroup4
\symAMSb=\mathgroup5
LaTeX Font Info:    Overwriting math alphabet `\mathfrak' in version `bold'
(Font)                  U/euf/m/n --> U/euf/b/n on input line 106.
))
(/usr/local/texlive/2019/texmf-dist/tex/latex/sansmathaccent/sansmathaccent.sty
Package: sansmathaccent 2013/03/28
(/usr/local/texlive/2019/texmf-dist/tex/latex/filehook/filehook.sty
Package: filehook 2011/10/12 v0.5d Hooks for input files
)))
(/usr/local/texlive/2019/texmf-dist/tex/latex/beamer/beamerbasetranslator.sty
(/usr/local/texlive/2019/texmf-dist/tex/latex/translator/translator.sty
Package: translator 2018/01/04 v1.12 Easy translation of strings in LaTeX
))
(/usr/local/texlive/2019/texmf-dist/tex/latex/beamer/beamerbasemisc.sty)
(/usr/local/texlive/2019/texmf-dist/tex/latex/beamer/beamerbasetwoscreens.sty)
(/usr/local/texlive/2019/texmf-dist/tex/latex/beamer/beamerbaseoverlay.sty
\beamer@argscount=\count130
\beamer@lastskipcover=\skip44
\beamer@trivlistdepth=\count131
)
(/usr/local/texlive/2019/texmf-dist/tex/latex/beamer/beamerbasetitle.sty)
(/usr/local/texlive/2019/texmf-dist/tex/latex/beamer/beamerbasesection.sty
\c@lecture=\count132
\c@part=\count133
\c@section=\count134
\c@subsection=\count135
\c@subsubsection=\count136
)
(/usr/local/texlive/2019/texmf-dist/tex/latex/beamer/beamerbaseframe.sty
\beamer@framebox=\box41
\beamer@frametitlebox=\box42
\beamer@zoombox=\box43
\beamer@zoomcount=\count137
\beamer@zoomframecount=\count138
\beamer@frametextheight=\dimen167
\c@subsectionslide=\count139
\beamer@frametopskip=\skip45
\beamer@framebottomskip=\skip46
\beamer@frametopskipautobreak=\skip47
\beamer@framebottomskipautobreak=\skip48
\beamer@envbody=\toks27
\framewidth=\dimen168
\c@framenumber=\count140
)
(/usr/local/texlive/2019/texmf-dist/tex/latex/beamer/beamerbaseverbatim.sty
\beamer@verbatimfileout=\write4
)
(/usr/local/texlive/2019/texmf-dist/tex/latex/beamer/beamerbaseframesize.sty
\beamer@splitbox=\box44
\beamer@autobreakcount=\count141
\beamer@autobreaklastheight=\dimen169
\beamer@frametitletoks=\toks28
\beamer@framesubtitletoks=\toks29
)
(/usr/local/texlive/2019/texmf-dist/tex/latex/beamer/beamerbaseframecomponents.
sty
\beamer@footins=\box45
) (/usr/local/texlive/2019/texmf-dist/tex/latex/beamer/beamerbasecolor.sty)
(/usr/local/texlive/2019/texmf-dist/tex/latex/beamer/beamerbasenotes.sty
\beamer@frameboxcopy=\box46
)
(/usr/local/texlive/2019/texmf-dist/tex/latex/beamer/beamerbasetoc.sty)
(/usr/local/texlive/2019/texmf-dist/tex/latex/beamer/beamerbasetemplates.sty
\beamer@sbttoks=\toks30

(/usr/local/texlive/2019/texmf-dist/tex/latex/beamer/beamerbaseauxtemplates.sty
(/usr/local/texlive/2019/texmf-dist/tex/latex/beamer/beamerbaseboxes.sty
\bmb@box=\box47
\bmb@colorbox=\box48
\bmb@boxshadow=\box49
\bmb@boxshadowball=\box50
\bmb@boxshadowballlarge=\box51
\bmb@temp=\dimen170
\bmb@dima=\dimen171
\bmb@dimb=\dimen172
\bmb@prevheight=\dimen173
)
\beamer@blockheadheight=\dimen174
))
(/usr/local/texlive/2019/texmf-dist/tex/latex/beamer/beamerbaselocalstructure.s
ty (/usr/local/texlive/2019/texmf-dist/tex/latex/tools/enumerate.sty
Package: enumerate 2015/07/23 v3.00 enumerate extensions (DPC)
\@enLab=\toks31
)
\c@figure=\count142
\c@table=\count143
\abovecaptionskip=\skip49
\belowcaptionskip=\skip50
)
(/usr/local/texlive/2019/texmf-dist/tex/latex/beamer/beamerbasenavigation.sty
\beamer@section@min@dim=\dimen175
)
(/usr/local/texlive/2019/texmf-dist/tex/latex/beamer/beamerbasetheorems.sty
(/usr/local/texlive/2019/texmf-dist/tex/latex/amsmath/amsmath.sty
Package: amsmath 2018/12/01 v2.17b AMS math features
\@mathmargin=\skip51

For additional information on amsmath, use the `?' option.
(/usr/local/texlive/2019/texmf-dist/tex/latex/amsmath/amstext.sty
Package: amstext 2000/06/29 v2.01 AMS text

(/usr/local/texlive/2019/texmf-dist/tex/latex/amsmath/amsgen.sty
File: amsgen.sty 1999/11/30 v2.0 generic functions
\@emptytoks=\toks32
\ex@=\dimen176
))
(/usr/local/texlive/2019/texmf-dist/tex/latex/amsmath/amsbsy.sty
Package: amsbsy 1999/11/29 v1.2d Bold Symbols
\pmbraise@=\dimen177
)
(/usr/local/texlive/2019/texmf-dist/tex/latex/amsmath/amsopn.sty
Package: amsopn 2016/03/08 v2.02 operator names
)
\inf@bad=\count144
LaTeX Info: Redefining \frac on input line 223.
\uproot@=\count145
\leftroot@=\count146
LaTeX Info: Redefining \overline on input line 385.
\classnum@=\count147
\DOTSCASE@=\count148
LaTeX Info: Redefining \ldots on input line 482.
LaTeX Info: Redefining \dots on input line 485.
LaTeX Info: Redefining \cdots on input line 606.
\Mathstrutbox@=\box52
\strutbox@=\box53
\big@size=\dimen178
LaTeX Font Info:    Redeclaring font encoding OML on input line 729.
LaTeX Font Info:    Redeclaring font encoding OMS on input line 730.
\macc@depth=\count149
\c@MaxMatrixCols=\count150
\dotsspace@=\muskip11
\c@parentequation=\count151
\dspbrk@lvl=\count152
\tag@help=\toks33
\row@=\count153
\column@=\count154
\maxfields@=\count155
\andhelp@=\toks34
\eqnshift@=\dimen179
\alignsep@=\dimen180
\tagshift@=\dimen181
\tagwidth@=\dimen182
\totwidth@=\dimen183
\lineht@=\dimen184
\@envbody=\toks35
\multlinegap=\skip52
\multlinetaggap=\skip53
\mathdisplay@stack=\toks36
LaTeX Info: Redefining \[ on input line 2844.
LaTeX Info: Redefining \] on input line 2845.
)
(/usr/local/texlive/2019/texmf-dist/tex/latex/amscls/amsthm.sty
Package: amsthm 2017/10/31 v2.20.4
\thm@style=\toks37
\thm@bodyfont=\toks38
\thm@headfont=\toks39
\thm@notefont=\toks40
\thm@headpunct=\toks41
\thm@preskip=\skip54
\thm@postskip=\skip55
\thm@headsep=\skip56
\dth@everypar=\toks42
)
\c@theorem=\count156
)
(/usr/local/texlive/2019/texmf-dist/tex/latex/beamer/beamerbasethemes.sty))
(/usr/local/texlive/2019/texmf-dist/tex/latex/beamer/beamerthemedefault.sty
(/usr/local/texlive/2019/texmf-dist/tex/latex/beamer/beamerfontthemedefault.sty
)
(/usr/local/texlive/2019/texmf-dist/tex/latex/beamer/beamercolorthemedefault.st
y)
(/usr/local/texlive/2019/texmf-dist/tex/latex/beamer/beamerinnerthemedefault.st
y
\beamer@dima=\dimen185
\beamer@dimb=\dimen186
)
(/usr/local/texlive/2019/texmf-dist/tex/latex/beamer/beamerouterthemedefault.st
y))) (/usr/local/texlive/2019/texmf-dist/tex/latex/enumitem/enumitem.sty
Package: enumitem 2019/02/04 v3.8 Customized lists
\labelindent=\skip57
\enit@outerparindent=\dimen187
\enit@toks=\toks43
\enit@inbox=\box54
\enit@count@id=\count157
\enitdp@description=\count158
)
(/usr/local/texlive/2019/texmf-dist/tex/latex/beamer/beamerthemeboxes.sty
\beamer@boxheadheight=\dimen188
\beamer@boxfootheight=\dimen189
\beamer@headboxes=\count159
\beamer@headboxsizes=\dimen190
\beamer@currentbox=\count160
\beamer@footboxes=\count161
\beamer@footboxsizes=\dimen191
)
(/usr/local/texlive/2019/texmf-dist/tex/latex/booktabs/booktabs.sty
Package: booktabs 2016/04/27 v1.618033 publication quality tables
\heavyrulewidth=\dimen192
\lightrulewidth=\dimen193
\cmidrulewidth=\dimen194
\belowrulesep=\dimen195
\belowbottomsep=\dimen196
\aboverulesep=\dimen197
\abovetopsep=\dimen198
\cmidrulesep=\dimen199
\cmidrulekern=\dimen256
\defaultaddspace=\dimen257
\@cmidla=\count162
\@cmidlb=\count163
\@aboverulesep=\dimen258
\@belowrulesep=\dimen259
\@thisruleclass=\count164
\@lastruleclass=\count165
\@thisrulewidth=\dimen260
)
(/usr/local/texlive/2019/texmf-dist/tex/latex/caption/caption.sty
Package: caption 2018/10/06 v3.3-154 Customizing captions (AR)

(/usr/local/texlive/2019/texmf-dist/tex/latex/caption/caption3.sty
Package: caption3 2018/09/12 v1.8c caption3 kernel (AR)
Package caption3 Info: TeX engine: e-TeX on input line 64.
\captionmargin=\dimen261
\captionmargin@=\dimen262
\captionwidth=\dimen263
\caption@tempdima=\dimen264
\caption@indent=\dimen265
\caption@parindent=\dimen266
\caption@hangindent=\dimen267
)
\c@caption@flags=\count166
\c@ContinuedFloat=\count167
Package caption Info: beamer document class.
Package caption Info: hyperref package is loaded.
Package caption Info: Hyperref support is turned off
(caption)             because hyperref has stopped early.
)

Package hyperref Warning: Token not allowed in a PDF string (PDFDocEncoding):
(hyperref)                removing `math shift' on input line 108.


Package hyperref Warning: Token not allowed in a PDF string (PDFDocEncoding):
(hyperref)                removing `\ell' on input line 108.


Package hyperref Warning: Token not allowed in a PDF string (PDFDocEncoding):
(hyperref)                removing `\nu' on input line 108.


Package hyperref Warning: Token not allowed in a PDF string (PDFDocEncoding):
(hyperref)                removing `math shift' on input line 108.

(./presentation_1.aux)
\openout1 = `presentation_1.aux'.

LaTeX Font Info:    Checking defaults for OML/cmm/m/it on input line 108.
LaTeX Font Info:    ... okay on input line 108.
LaTeX Font Info:    Checking defaults for T1/cmr/m/n on input line 108.
LaTeX Font Info:    ... okay on input line 108.
LaTeX Font Info:    Checking defaults for OT1/cmr/m/n on input line 108.
LaTeX Font Info:    ... okay on input line 108.
LaTeX Font Info:    Checking defaults for OMS/cmsy/m/n on input line 108.
LaTeX Font Info:    ... okay on input line 108.
LaTeX Font Info:    Checking defaults for OMX/cmex/m/n on input line 108.
LaTeX Font Info:    ... okay on input line 108.
LaTeX Font Info:    Checking defaults for U/cmr/m/n on input line 108.
LaTeX Font Info:    ... okay on input line 108.
LaTeX Font Info:    Checking defaults for PD1/pdf/m/n on input line 108.
LaTeX Font Info:    ... okay on input line 108.

*geometry* driver: auto-detecting
*geometry* detected driver: pdftex
*geometry* verbose mode - [ preamble ] result:
* driver: pdftex
* paper: custom
* layout: <same size as paper>
* layoutoffset:(h,v)=(0.0pt,0.0pt)
* modes: includehead includefoot 
* h-part:(L,W,R)=(28.45274pt, 307.28987pt, 28.45274pt)
* v-part:(T,H,B)=(0.0pt, 273.14662pt, 0.0pt)
* \paperwidth=364.19536pt
* \paperheight=273.14662pt
* \textwidth=307.28987pt
* \textheight=244.6939pt
* \oddsidemargin=-43.81725pt
* \evensidemargin=-43.81725pt
* \topmargin=-72.26999pt
* \headheight=14.22636pt
* \headsep=0.0pt
* \topskip=11.0pt
* \footskip=14.22636pt
* \marginparwidth=4.0pt
* \marginparsep=10.0pt
* \columnsep=10.0pt
* \skip\footins=10.0pt plus 4.0pt minus 2.0pt
* \hoffset=0.0pt
* \voffset=0.0pt
* \mag=1000
* \@twocolumnfalse
* \@twosidefalse
* \@mparswitchfalse
* \@reversemarginfalse
* (1in=72.27pt=25.4mm, 1cm=28.453pt)

(/usr/local/texlive/2019/texmf-dist/tex/context/base/mkii/supp-pdf.mkii
[Loading MPS to PDF converter (version 2006.09.02).]
\scratchcounter=\count168
\scratchdimen=\dimen268
\scratchbox=\box55
\nofMPsegments=\count169
\nofMParguments=\count170
\everyMPshowfont=\toks44
\MPscratchCnt=\count171
\MPscratchDim=\dimen269
\MPnumerator=\count172
\makeMPintoPDFobject=\count173
\everyMPtoPDFconversion=\toks45
) (/usr/local/texlive/2019/texmf-dist/tex/latex/oberdiek/epstopdf-base.sty
Package: epstopdf-base 2016/05/15 v2.6 Base part for package epstopdf

(/usr/local/texlive/2019/texmf-dist/tex/latex/oberdiek/grfext.sty
Package: grfext 2016/05/16 v1.2 Manage graphics extensions (HO)
)
Package epstopdf-base Info: Redefining graphics rule for `.eps' on input line 4
38.
Package grfext Info: Graphics extension search list:
(grfext)             [.pdf,.png,.jpg,.mps,.jpeg,.jbig2,.jb2,.PDF,.PNG,.JPG,.JPE
G,.JBIG2,.JB2,.eps]
(grfext)             \AppendGraphicsExtensions on input line 456.

(/usr/local/texlive/2019/texmf-dist/tex/latex/latexconfig/epstopdf-sys.cfg
File: epstopdf-sys.cfg 2010/07/13 v1.3 Configuration of (r)epstopdf for TeX Liv
e
))
ABD: EveryShipout initializing macros
\AtBeginShipoutBox=\box56
Package hyperref Info: Link coloring OFF on input line 108.

(/usr/local/texlive/2019/texmf-dist/tex/latex/hyperref/nameref.sty
Package: nameref 2016/05/21 v2.44 Cross-referencing by name of section

(/usr/local/texlive/2019/texmf-dist/tex/generic/oberdiek/gettitlestring.sty
Package: gettitlestring 2016/05/16 v1.5 Cleanup title references (HO)
)
\c@section@level=\count174
)
LaTeX Info: Redefining \ref on input line 108.
LaTeX Info: Redefining \pageref on input line 108.
LaTeX Info: Redefining \nameref on input line 108.

(./presentation_1.out) (./presentation_1.out)
\@outlinefile=\write5
\openout5 = `presentation_1.out'.

LaTeX Font Info:    Overwriting symbol font `operators' in version `normal'
(Font)                  OT1/cmr/m/n --> OT1/cmss/m/n on input line 108.
LaTeX Font Info:    Overwriting symbol font `operators' in version `bold'
(Font)                  OT1/cmr/bx/n --> OT1/cmss/bx/n on input line 108.
\symnumbers=\mathgroup6
\sympureletters=\mathgroup7
LaTeX Font Info:    Overwriting math alphabet `\mathrm' in version `normal'
(Font)                  OT1/cmss/m/n --> OT1/cmr/m/n on input line 108.
LaTeX Font Info:    Redeclaring math alphabet \mathbf on input line 108.
LaTeX Font Info:    Overwriting math alphabet `\mathbf' in version `normal'
(Font)                  OT1/cmr/bx/n --> OT1/cmss/bx/n on input line 108.
LaTeX Font Info:    Overwriting math alphabet `\mathbf' in version `bold'
(Font)                  OT1/cmr/bx/n --> OT1/cmss/bx/n on input line 108.
LaTeX Font Info:    Redeclaring math alphabet \mathsf on input line 108.
LaTeX Font Info:    Overwriting math alphabet `\mathsf' in version `normal'
(Font)                  OT1/cmss/m/n --> OT1/cmss/m/n on input line 108.
LaTeX Font Info:    Overwriting math alphabet `\mathsf' in version `bold'
(Font)                  OT1/cmss/bx/n --> OT1/cmss/m/n on input line 108.
LaTeX Font Info:    Redeclaring math alphabet \mathit on input line 108.
LaTeX Font Info:    Overwriting math alphabet `\mathit' in version `normal'
(Font)                  OT1/cmr/m/it --> OT1/cmss/m/it on input line 108.
LaTeX Font Info:    Overwriting math alphabet `\mathit' in version `bold'
(Font)                  OT1/cmr/bx/it --> OT1/cmss/m/it on input line 108.
LaTeX Font Info:    Redeclaring math alphabet \mathtt on input line 108.
LaTeX Font Info:    Overwriting math alphabet `\mathtt' in version `normal'
(Font)                  OT1/cmtt/m/n --> OT1/cmtt/m/n on input line 108.
LaTeX Font Info:    Overwriting math alphabet `\mathtt' in version `bold'
(Font)                  OT1/cmtt/m/n --> OT1/cmtt/m/n on input line 108.
LaTeX Font Info:    Overwriting symbol font `numbers' in version `bold'
(Font)                  OT1/cmss/m/n --> OT1/cmss/bx/n on input line 108.
LaTeX Font Info:    Overwriting symbol font `pureletters' in version `bold'
(Font)                  OT1/cmss/m/it --> OT1/cmss/bx/it on input line 108.
LaTeX Font Info:    Overwriting math alphabet `\mathrm' in version `bold'
(Font)                  OT1/cmss/bx/n --> OT1/cmr/bx/n on input line 108.
LaTeX Font Info:    Overwriting math alphabet `\mathbf' in version `bold'
(Font)                  OT1/cmss/bx/n --> OT1/cmss/bx/n on input line 108.
LaTeX Font Info:    Overwriting math alphabet `\mathsf' in version `bold'
(Font)                  OT1/cmss/m/n --> OT1/cmss/bx/n on input line 108.
LaTeX Font Info:    Overwriting math alphabet `\mathit' in version `bold'
(Font)                  OT1/cmss/m/it --> OT1/cmss/bx/it on input line 108.
LaTeX Font Info:    Overwriting math alphabet `\mathtt' in version `bold'
(Font)                  OT1/cmtt/m/n --> OT1/cmtt/bx/n on input line 108.
LaTeX Font Info:    Redeclaring symbol font `pureletters' on input line 108.
LaTeX Font Info:    Overwriting symbol font `pureletters' in version `normal'
(Font)                  OT1/cmss/m/it --> OT1/mathkerncmss/m/sl on input line 1
08.
LaTeX Font Info:    Overwriting symbol font `pureletters' in version `bold'
(Font)                  OT1/cmss/bx/it --> OT1/mathkerncmss/m/sl on input line 
108.
LaTeX Font Info:    Overwriting symbol font `pureletters' in version `bold'
(Font)                  OT1/mathkerncmss/m/sl --> OT1/mathkerncmss/bx/sl on inp
ut line 108.

(/usr/local/texlive/2019/texmf-dist/tex/latex/translator/translator-basic-dicti
onary-English.dict
Dictionary: translator-basic-dictionary, Language: English 
)
(/usr/local/texlive/2019/texmf-dist/tex/latex/translator/translator-bibliograph
y-dictionary-English.dict
Dictionary: translator-bibliography-dictionary, Language: English 
)
(/usr/local/texlive/2019/texmf-dist/tex/latex/translator/translator-environment
-dictionary-English.dict
Dictionary: translator-environment-dictionary, Language: English 
)
(/usr/local/texlive/2019/texmf-dist/tex/latex/translator/translator-months-dict
ionary-English.dict
Dictionary: translator-months-dictionary, Language: English 
)
(/usr/local/texlive/2019/texmf-dist/tex/latex/translator/translator-numbers-dic
tionary-English.dict
Dictionary: translator-numbers-dictionary, Language: English 
)
(/usr/local/texlive/2019/texmf-dist/tex/latex/translator/translator-theorem-dic
tionary-English.dict
Dictionary: translator-theorem-dictionary, Language: English 
)
Package caption Info: Begin \AtBeginDocument code.
Package caption Info: End \AtBeginDocument code.
 (./presentation_1.nav)
LaTeX Font Info:    Try loading font information for U+msa on input line 112.

(/usr/local/texlive/2019/texmf-dist/tex/latex/amsfonts/umsa.fd
File: umsa.fd 2013/01/14 v3.01 AMS symbols A
)
LaTeX Font Info:    Try loading font information for U+msb on input line 112.

(/usr/local/texlive/2019/texmf-dist/tex/latex/amsfonts/umsb.fd
File: umsb.fd 2013/01/14 v3.01 AMS symbols B
)
LaTeX Font Info:    Try loading font information for OT1+mathkerncmss on input 
line 112.

(/usr/local/texlive/2019/texmf-dist/tex/latex/sansmathaccent/ot1mathkerncmss.fd
File: ot1mathkerncmss.fd 2013/03/27 Fontinst v1.933 font definitions for OT1/ma
thkerncmss.
) [1

{/usr/local/texlive/2019/texmf-var/fonts/map/pdftex/updmap/pdftex.map}]
(./presentation_1.toc) [2

]
</Users/natashawoods/Desktop/asimov_allone/indiv/multi_single_pruned/pullsComp_
doAsimov1_doCondtional1_mu0_Jet.pdf, id=105, 569.12625pt x 408.52625pt>
File: /Users/natashawoods/Desktop/asimov_allone/indiv/multi_single_pruned/pulls
Comp_doAsimov1_doCondtional1_mu0_Jet.pdf Graphic file (type pdf)
<use /Users/natashawoods/Desktop/asimov_allone/indiv/multi_single_pruned/pullsC
omp_doAsimov1_doCondtional1_mu0_Jet.pdf>
Package pdftex.def Info: /Users/natashawoods/Desktop/asimov_allone/indiv/multi_
single_pruned/pullsComp_doAsimov1_doCondtional1_mu0_Jet.pdf  used on input line
 134.
(pdftex.def)             Requested size: 307.30623pt x 220.58842pt.
 [3

 </Users/natashawoods/Desktop/asimov_allone/indiv/multi_single_pruned/pullsComp
_doAsimov1_doCondtional1_mu0_Jet.pdf, page is rotated 90 degrees>]
</Users/natashawoods/Desktop/asimov_allone/indiv/multi_single_pruned/pullsComp_
doAsimov1_doCondtional1_mu0_OtherExp.pdf, id=177, 569.12625pt x 408.52625pt>
File: /Users/natashawoods/Desktop/asimov_allone/indiv/multi_single_pruned/pulls
Comp_doAsimov1_doCondtional1_mu0_OtherExp.pdf Graphic file (type pdf)
<use /Users/natashawoods/Desktop/asimov_allone/indiv/multi_single_pruned/pullsC
omp_doAsimov1_doCondtional1_mu0_OtherExp.pdf>
Package pdftex.def Info: /Users/natashawoods/Desktop/asimov_allone/indiv/multi_
single_pruned/pullsComp_doAsimov1_doCondtional1_mu0_OtherExp.pdf  used on input
 line 139.
(pdftex.def)             Requested size: 307.30623pt x 220.58842pt.
 [4

 </Users/natashawoods/Desktop/asimov_allone/indiv/multi_single_pruned/pullsComp
_doAsimov1_doCondtional1_mu0_OtherExp.pdf, page is rotated 90 degrees>]
</Users/natashawoods/Desktop/asimov_allone/indiv/multi_single_pruned/pullsComp_
doAsimov1_doCondtional1_mu0_Theory.pdf, id=246, 569.12625pt x 408.52625pt>
File: /Users/natashawoods/Desktop/asimov_allone/indiv/multi_single_pruned/pulls
Comp_doAsimov1_doCondtional1_mu0_Theory.pdf Graphic file (type pdf)
<use /Users/natashawoods/Desktop/asimov_allone/indiv/multi_single_pruned/pullsC
omp_doAsimov1_doCondtional1_mu0_Theory.pdf>
Package pdftex.def Info: /Users/natashawoods/Desktop/asimov_allone/indiv/multi_
single_pruned/pullsComp_doAsimov1_doCondtional1_mu0_Theory.pdf  used on input l
ine 145.
(pdftex.def)             Requested size: 307.30623pt x 220.58842pt.
 [5

 </Users/natashawoods/Desktop/asimov_allone/indiv/multi_single_pruned/pullsComp
_doAsimov1_doCondtional1_mu0_Theory.pdf, page is rotated 90 degrees>]
</Users/natashawoods/Desktop/asimov_allone/indiv/multi_single_pruned/pullsComp_
doAsimov1_doCondtional1_mu0_XS.pdf, id=314, 569.12625pt x 408.52625pt>
File: /Users/natashawoods/Desktop/asimov_allone/indiv/multi_single_pruned/pulls
Comp_doAsimov1_doCondtional1_mu0_XS.pdf Graphic file (type pdf)
<use /Users/natashawoods/Desktop/asimov_allone/indiv/multi_single_pruned/pullsC
omp_doAsimov1_doCondtional1_mu0_XS.pdf>
Package pdftex.def Info: /Users/natashawoods/Desktop/asimov_allone/indiv/multi_
single_pruned/pullsComp_doAsimov1_doCondtional1_mu0_XS.pdf  used on input line 
150.
(pdftex.def)             Requested size: 307.30623pt x 220.58842pt.
 [6

 </Users/natashawoods/Desktop/asimov_allone/indiv/multi_single_pruned/pullsComp
_doAsimov1_doCondtional1_mu0_XS.pdf, page is rotated 90 degrees>]
</Users/natashawoods/Desktop/asimov_allone/indiv/multi_single_pruned/pullsComp_
doAsimov0_doCondtional1_mu0_Jet.pdf, id=383, 569.12625pt x 408.52625pt>
File: /Users/natashawoods/Desktop/asimov_allone/indiv/multi_single_pruned/pulls
Comp_doAsimov0_doCondtional1_mu0_Jet.pdf Graphic file (type pdf)
<use /Users/natashawoods/Desktop/asimov_allone/indiv/multi_single_pruned/pullsC
omp_doAsimov0_doCondtional1_mu0_Jet.pdf>
Package pdftex.def Info: /Users/natashawoods/Desktop/asimov_allone/indiv/multi_
single_pruned/pullsComp_doAsimov0_doCondtional1_mu0_Jet.pdf  used on input line
 156.
(pdftex.def)             Requested size: 307.30623pt x 220.58842pt.

[7

 </Users/natashawoods/Desktop/asimov_allone/indiv/multi_single_pruned/pullsComp
_doAsimov0_doCondtional1_mu0_Jet.pdf, page is rotated 90 degrees>]
</Users/natashawoods/Desktop/asimov_allone/indiv/multi_single_pruned/pullsComp_
doAsimov0_doCondtional1_mu0_OtherExp.pdf, id=453, 569.12625pt x 408.52625pt>
File: /Users/natashawoods/Desktop/asimov_allone/indiv/multi_single_pruned/pulls
Comp_doAsimov0_doCondtional1_mu0_OtherExp.pdf Graphic file (type pdf)
<use /Users/natashawoods/Desktop/asimov_allone/indiv/multi_single_pruned/pullsC
omp_doAsimov0_doCondtional1_mu0_OtherExp.pdf>
Package pdftex.def Info: /Users/natashawoods/Desktop/asimov_allone/indiv/multi_
single_pruned/pullsComp_doAsimov0_doCondtional1_mu0_OtherExp.pdf  used on input
 line 161.
(pdftex.def)             Requested size: 307.30623pt x 220.58842pt.
 [8

 </Users/natashawoods/Desktop/asimov_allone/indiv/multi_single_pruned/pullsComp
_doAsimov0_doCondtional1_mu0_OtherExp.pdf, page is rotated 90 degrees>]
</Users/natashawoods/Desktop/asimov_allone/indiv/multi_single_pruned/pullsComp_
doAsimov0_doCondtional1_mu0_Theory.pdf, id=523, 569.12625pt x 408.52625pt>
File: /Users/natashawoods/Desktop/asimov_allone/indiv/multi_single_pruned/pulls
Comp_doAsimov0_doCondtional1_mu0_Theory.pdf Graphic file (type pdf)
<use /Users/natashawoods/Desktop/asimov_allone/indiv/multi_single_pruned/pullsC
omp_doAsimov0_doCondtional1_mu0_Theory.pdf>
Package pdftex.def Info: /Users/natashawoods/Desktop/asimov_allone/indiv/multi_
single_pruned/pullsComp_doAsimov0_doCondtional1_mu0_Theory.pdf  used on input l
ine 167.
(pdftex.def)             Requested size: 307.30623pt x 220.58842pt.
 [9

 </Users/natashawoods/Desktop/asimov_allone/indiv/multi_single_pruned/pullsComp
_doAsimov0_doCondtional1_mu0_Theory.pdf, page is rotated 90 degrees>]
</Users/natashawoods/Desktop/asimov_allone/indiv/multi_single_pruned/pullsComp_
doAsimov0_doCondtional1_mu0_XS.pdf, id=592, 569.12625pt x 408.52625pt>
File: /Users/natashawoods/Desktop/asimov_allone/indiv/multi_single_pruned/pulls
Comp_doAsimov0_doCondtional1_mu0_XS.pdf Graphic file (type pdf)
<use /Users/natashawoods/Desktop/asimov_allone/indiv/multi_single_pruned/pullsC
omp_doAsimov0_doCondtional1_mu0_XS.pdf>
Package pdftex.def Info: /Users/natashawoods/Desktop/asimov_allone/indiv/multi_
single_pruned/pullsComp_doAsimov0_doCondtional1_mu0_XS.pdf  used on input line 
172.
(pdftex.def)             Requested size: 307.30623pt x 220.58842pt.
 [10

 </Users/natashawoods/Desktop/asimov_allone/indiv/multi_single_pruned/pullsComp
_doAsimov0_doCondtional1_mu0_XS.pdf, page is rotated 90 degrees>]
</Users/natashawoods/Desktop/asimov_allone/indiv/HVTWZ_combined_1aug17noSRFloat
RelevantUncorrXSPrunSyst/corr_doAsimov0_doCondtional1_mu0_HighCorr.pdf, id=662,
 569.12625pt x 408.52625pt>
File: /Users/natashawoods/Desktop/asimov_allone/indiv/HVTWZ_combined_1aug17noSR
FloatRelevantUncorrXSPrunSyst/corr_doAsimov0_doCondtional1_mu0_HighCorr.pdf Gra
phic file (type pdf)
<use /Users/natashawoods/Desktop/asimov_allone/indiv/HVTWZ_combined_1aug17noSRF
loatRelevantUncorrXSPrunSyst/corr_doAsimov0_doCondtional1_mu0_HighCorr.pdf>
Package pdftex.def Info: /Users/natashawoods/Desktop/asimov_allone/indiv/HVTWZ_
combined_1aug17noSRFloatRelevantUncorrXSPrunSyst/corr_doAsimov0_doCondtional1_m
u0_HighCorr.pdf  used on input line 184.
(pdftex.def)             Requested size: 153.64877pt x 110.29109pt.
</Users/natashawoods/Desktop/asimov_allone/indiv/HVTWZ_combined_1aug17noSRFloat
RelevantUncorrXSSingleBinPrunSyst/corr_doAsimov0_doCondtional1_mu0_HighCorr.pdf
, id=663, 569.12625pt x 408.52625pt>
File: /Users/natashawoods/Desktop/asimov_allone/indiv/HVTWZ_combined_1aug17noSR
FloatRelevantUncorrXSSingleBinPrunSyst/corr_doAsimov0_doCondtional1_mu0_HighCor
r.pdf Graphic file (type pdf)
<use /Users/natashawoods/Desktop/asimov_allone/indiv/HVTWZ_combined_1aug17noSRF
loatRelevantUncorrXSSingleBinPrunSyst/corr_doAsimov0_doCondtional1_mu0_HighCorr
.pdf>
Package pdftex.def Info: /Users/natashawoods/Desktop/asimov_allone/indiv/HVTWZ_
combined_1aug17noSRFloatRelevantUncorrXSSingleBinPrunSyst/corr_doAsimov0_doCond
tional1_mu0_HighCorr.pdf  used on input line 184.
(pdftex.def)             Requested size: 153.64877pt x 110.29109pt.
 [11

 </Users/natashawoods/Desktop/asimov_allone/indiv/HVTWZ_combined_1aug17noSRFloa
tRelevantUncorrXSPrunSyst/corr_doAsimov0_doCondtional1_mu0_HighCorr.pdf, page i
s rotated 90 degrees> </Users/natashawoods/Desktop/asimov_allone/indiv/HVTWZ_co
mbined_1aug17noSRFloatRelevantUncorrXSSingleBinPrunSyst/corr_doAsimov0_doCondti
onal1_mu0_HighCorr.pdf, page is rotated 90 degrees>]
</Users/natashawoods/Desktop/asimov_allone/indiv/HVTWZ_combined_1aug17noSRFloat
RelevantUncorrXSPrunSyst/L1_MergHP_GGF_WZ_Tag_TCR.pdf, id=775, 569.12625pt x 69
4.595pt>
File: /Users/natashawoods/Desktop/asimov_allone/indiv/HVTWZ_combined_1aug17noSR
FloatRelevantUncorrXSPrunSyst/L1_MergHP_GGF_WZ_Tag_TCR.pdf Graphic file (type p
df)
<use /Users/natashawoods/Desktop/asimov_allone/indiv/HVTWZ_combined_1aug17noSRF
loatRelevantUncorrXSPrunSyst/L1_MergHP_GGF_WZ_Tag_TCR.pdf>
Package pdftex.def Info: /Users/natashawoods/Desktop/asimov_allone/indiv/HVTWZ_
combined_1aug17noSRFloatRelevantUncorrXSPrunSyst/L1_MergHP_GGF_WZ_Tag_TCR.pdf  
used on input line 208.
(pdftex.def)             Requested size: 68.46588pt x 83.55977pt.
</Users/natashawoods/Desktop/asimov_allone/indiv/HVTWZ_combined_1aug17noSRFloat
RelevantUncorrXSPrunSyst/L1_MergHP_GGF_WZ_Tag_WCR.pdf, id=776, 569.12625pt x 69
4.595pt>
File: /Users/natashawoods/Desktop/asimov_allone/indiv/HVTWZ_combined_1aug17noSR
FloatRelevantUncorrXSPrunSyst/L1_MergHP_GGF_WZ_Tag_WCR.pdf Graphic file (type p
df)
<use /Users/natashawoods/Desktop/asimov_allone/indiv/HVTWZ_combined_1aug17noSRF
loatRelevantUncorrXSPrunSyst/L1_MergHP_GGF_WZ_Tag_WCR.pdf>
Package pdftex.def Info: /Users/natashawoods/Desktop/asimov_allone/indiv/HVTWZ_
combined_1aug17noSRFloatRelevantUncorrXSPrunSyst/L1_MergHP_GGF_WZ_Tag_WCR.pdf  
used on input line 208.
(pdftex.def)             Requested size: 68.46588pt x 83.55977pt.
</Users/natashawoods/Desktop/asimov_allone/indiv/HVTWZ_combined_1aug17noSRFloat
RelevantUncorrXSPrunSyst/L1_MergLP_GGF_WZ_Tag_TCR.pdf, id=777, 569.12625pt x 69
4.595pt>
File: /Users/natashawoods/Desktop/asimov_allone/indiv/HVTWZ_combined_1aug17noSR
FloatRelevantUncorrXSPrunSyst/L1_MergLP_GGF_WZ_Tag_TCR.pdf Graphic file (type p
df)
<use /Users/natashawoods/Desktop/asimov_allone/indiv/HVTWZ_combined_1aug17noSRF
loatRelevantUncorrXSPrunSyst/L1_MergLP_GGF_WZ_Tag_TCR.pdf>
Package pdftex.def Info: /Users/natashawoods/Desktop/asimov_allone/indiv/HVTWZ_
combined_1aug17noSRFloatRelevantUncorrXSPrunSyst/L1_MergLP_GGF_WZ_Tag_TCR.pdf  
used on input line 208.
(pdftex.def)             Requested size: 68.46588pt x 83.55977pt.
</Users/natashawoods/Desktop/asimov_allone/indiv/HVTWZ_combined_1aug17noSRFloat
RelevantUncorrXSPrunSyst/L1_MergLP_GGF_WZ_Tag_WCR.pdf, id=778, 569.12625pt x 69
4.595pt>
File: /Users/natashawoods/Desktop/asimov_allone/indiv/HVTWZ_combined_1aug17noSR
FloatRelevantUncorrXSPrunSyst/L1_MergLP_GGF_WZ_Tag_WCR.pdf Graphic file (type p
df)
<use /Users/natashawoods/Desktop/asimov_allone/indiv/HVTWZ_combined_1aug17noSRF
loatRelevantUncorrXSPrunSyst/L1_MergLP_GGF_WZ_Tag_WCR.pdf>
Package pdftex.def Info: /Users/natashawoods/Desktop/asimov_allone/indiv/HVTWZ_
combined_1aug17noSRFloatRelevantUncorrXSPrunSyst/L1_MergLP_GGF_WZ_Tag_WCR.pdf  
used on input line 208.
(pdftex.def)             Requested size: 68.46588pt x 83.55977pt.
</Users/natashawoods/Desktop/asimov_allone/indiv/HVTWZ_combined_1aug17noSRFloat
RelevantUncorrXSSingleBinPrunSyst/L1_MergHP_GGF_WZ_Tag_TCR.pdf, id=779, 569.126
25pt x 694.595pt>
File: /Users/natashawoods/Desktop/asimov_allone/indiv/HVTWZ_combined_1aug17noSR
FloatRelevantUncorrXSSingleBinPrunSyst/L1_MergHP_GGF_WZ_Tag_TCR.pdf Graphic fil
e (type pdf)
<use /Users/natashawoods/Desktop/asimov_allone/indiv/HVTWZ_combined_1aug17noSRF
loatRelevantUncorrXSSingleBinPrunSyst/L1_MergHP_GGF_WZ_Tag_TCR.pdf>
Package pdftex.def Info: /Users/natashawoods/Desktop/asimov_allone/indiv/HVTWZ_
combined_1aug17noSRFloatRelevantUncorrXSSingleBinPrunSyst/L1_MergHP_GGF_WZ_Tag_
TCR.pdf  used on input line 208.
(pdftex.def)             Requested size: 68.46588pt x 83.55977pt.
</Users/natashawoods/Desktop/asimov_allone/indiv/HVTWZ_combined_1aug17noSRFloat
RelevantUncorrXSSingleBinPrunSyst/L1_MergHP_GGF_WZ_Tag_WCR.pdf, id=780, 569.126
25pt x 694.595pt>
File: /Users/natashawoods/Desktop/asimov_allone/indiv/HVTWZ_combined_1aug17noSR
FloatRelevantUncorrXSSingleBinPrunSyst/L1_MergHP_GGF_WZ_Tag_WCR.pdf Graphic fil
e (type pdf)
<use /Users/natashawoods/Desktop/asimov_allone/indiv/HVTWZ_combined_1aug17noSRF
loatRelevantUncorrXSSingleBinPrunSyst/L1_MergHP_GGF_WZ_Tag_WCR.pdf>
Package pdftex.def Info: /Users/natashawoods/Desktop/asimov_allone/indiv/HVTWZ_
combined_1aug17noSRFloatRelevantUncorrXSSingleBinPrunSyst/L1_MergHP_GGF_WZ_Tag_
WCR.pdf  used on input line 208.
(pdftex.def)             Requested size: 68.46588pt x 83.55977pt.
</Users/natashawoods/Desktop/asimov_allone/indiv/HVTWZ_combined_1aug17noSRFloat
RelevantUncorrXSSingleBinPrunSyst/L1_MergLP_GGF_WZ_Tag_TCR.pdf, id=781, 569.126
25pt x 694.595pt>
File: /Users/natashawoods/Desktop/asimov_allone/indiv/HVTWZ_combined_1aug17noSR
FloatRelevantUncorrXSSingleBinPrunSyst/L1_MergLP_GGF_WZ_Tag_TCR.pdf Graphic fil
e (type pdf)
<use /Users/natashawoods/Desktop/asimov_allone/indiv/HVTWZ_combined_1aug17noSRF
loatRelevantUncorrXSSingleBinPrunSyst/L1_MergLP_GGF_WZ_Tag_TCR.pdf>
Package pdftex.def Info: /Users/natashawoods/Desktop/asimov_allone/indiv/HVTWZ_
combined_1aug17noSRFloatRelevantUncorrXSSingleBinPrunSyst/L1_MergLP_GGF_WZ_Tag_
TCR.pdf  used on input line 208.
(pdftex.def)             Requested size: 68.46588pt x 83.55977pt.
</Users/natashawoods/Desktop/asimov_allone/indiv/HVTWZ_combined_1aug17noSRFloat
RelevantUncorrXSSingleBinPrunSyst/L1_MergLP_GGF_WZ_Tag_WCR.pdf, id=782, 569.126
25pt x 694.595pt>
File: /Users/natashawoods/Desktop/asimov_allone/indiv/HVTWZ_combined_1aug17noSR
FloatRelevantUncorrXSSingleBinPrunSyst/L1_MergLP_GGF_WZ_Tag_WCR.pdf Graphic fil
e (type pdf)
<use /Users/natashawoods/Desktop/asimov_allone/indiv/HVTWZ_combined_1aug17noSRF
loatRelevantUncorrXSSingleBinPrunSyst/L1_MergLP_GGF_WZ_Tag_WCR.pdf>
Package pdftex.def Info: /Users/natashawoods/Desktop/asimov_allone/indiv/HVTWZ_
combined_1aug17noSRFloatRelevantUncorrXSSingleBinPrunSyst/L1_MergLP_GGF_WZ_Tag_
WCR.pdf  used on input line 208.
(pdftex.def)             Requested size: 68.46588pt x 83.55977pt.
 [12

 </Users/natashawoods/Desktop/asimov_allone/indiv/HVTWZ_combined_1aug17noSRFloa
tRelevantUncorrXSPrunSyst/L1_MergHP_GGF_WZ_Tag_TCR.pdf> </Users/natashawoods/De
sktop/asimov_allone/indiv/HVTWZ_combined_1aug17noSRFloatRelevantUncorrXSPrunSys
t/L1_MergHP_GGF_WZ_Tag_WCR.pdf> </Users/natashawoods/Desktop/asimov_allone/indi
v/HVTWZ_combined_1aug17noSRFloatRelevantUncorrXSPrunSyst/L1_MergLP_GGF_WZ_Tag_T
CR.pdf> </Users/natashawoods/Desktop/asimov_allone/indiv/HVTWZ_combined_1aug17n
oSRFloatRelevantUncorrXSPrunSyst/L1_MergLP_GGF_WZ_Tag_WCR.pdf> </Users/natashaw
oods/Desktop/asimov_allone/indiv/HVTWZ_combined_1aug17noSRFloatRelevantUncorrXS
SingleBinPrunSyst/L1_MergHP_GGF_WZ_Tag_TCR.pdf> </Users/natashawoods/Desktop/as
imov_allone/indiv/HVTWZ_combined_1aug17noSRFloatRelevantUncorrXSSingleBinPrunSy
st/L1_MergHP_GGF_WZ_Tag_WCR.pdf> </Users/natashawoods/Desktop/asimov_allone/ind
iv/HVTWZ_combined_1aug17noSRFloatRelevantUncorrXSSingleBinPrunSyst/L1_MergLP_GG
F_WZ_Tag_TCR.pdf> </Users/natashawoods/Desktop/asimov_allone/indiv/HVTWZ_combin
ed_1aug17noSRFloatRelevantUncorrXSSingleBinPrunSyst/L1_MergLP_GGF_WZ_Tag_WCR.pd
f>]
</Users/natashawoods/Desktop/asimov_allone/indiv/HVTWZ_combined_1aug17noSRFloat
RelevantUncorrXSPrunSyst/L1_MergHP_GGF_WZ_UnTag_TCR.pdf, id=1154, 569.12625pt x
 694.595pt>
File: /Users/natashawoods/Desktop/asimov_allone/indiv/HVTWZ_combined_1aug17noSR
FloatRelevantUncorrXSPrunSyst/L1_MergHP_GGF_WZ_UnTag_TCR.pdf Graphic file (type
 pdf)
<use /Users/natashawoods/Desktop/asimov_allone/indiv/HVTWZ_combined_1aug17noSRF
loatRelevantUncorrXSPrunSyst/L1_MergHP_GGF_WZ_UnTag_TCR.pdf>
Package pdftex.def Info: /Users/natashawoods/Desktop/asimov_allone/indiv/HVTWZ_
combined_1aug17noSRFloatRelevantUncorrXSPrunSyst/L1_MergHP_GGF_WZ_UnTag_TCR.pdf
  used on input line 231.
(pdftex.def)             Requested size: 68.46588pt x 83.55977pt.
File: /Users/natashawoods/Desktop/asimov_allone/indiv/HVTWZ_combined_1aug17noSR
FloatRelevantUncorrXSPrunSyst/L1_MergHP_GGF_WZ_Tag_WCR.pdf Graphic file (type p
df)
<use /Users/natashawoods/Desktop/asimov_allone/indiv/HVTWZ_combined_1aug17noSRF
loatRelevantUncorrXSPrunSyst/L1_MergHP_GGF_WZ_Tag_WCR.pdf>
Package pdftex.def Info: /Users/natashawoods/Desktop/asimov_allone/indiv/HVTWZ_
combined_1aug17noSRFloatRelevantUncorrXSPrunSyst/L1_MergHP_GGF_WZ_Tag_WCR.pdf  
used on input line 231.
(pdftex.def)             Requested size: 68.46588pt x 83.55977pt.
</Users/natashawoods/Desktop/asimov_allone/indiv/HVTWZ_combined_1aug17noSRFloat
RelevantUncorrXSPrunSyst/L1_MergLP_GGF_WZ_UnTag_TCR.pdf, id=1155, 569.12625pt x
 694.595pt>
File: /Users/natashawoods/Desktop/asimov_allone/indiv/HVTWZ_combined_1aug17noSR
FloatRelevantUncorrXSPrunSyst/L1_MergLP_GGF_WZ_UnTag_TCR.pdf Graphic file (type
 pdf)
<use /Users/natashawoods/Desktop/asimov_allone/indiv/HVTWZ_combined_1aug17noSRF
loatRelevantUncorrXSPrunSyst/L1_MergLP_GGF_WZ_UnTag_TCR.pdf>
Package pdftex.def Info: /Users/natashawoods/Desktop/asimov_allone/indiv/HVTWZ_
combined_1aug17noSRFloatRelevantUncorrXSPrunSyst/L1_MergLP_GGF_WZ_UnTag_TCR.pdf
  used on input line 231.
(pdftex.def)             Requested size: 68.46588pt x 83.55977pt.
</Users/natashawoods/Desktop/asimov_allone/indiv/HVTWZ_combined_1aug17noSRFloat
RelevantUncorrXSPrunSyst/L1_MergLP_GGF_WZ_UnTag_WCR.pdf, id=1156, 569.12625pt x
 694.595pt>
File: /Users/natashawoods/Desktop/asimov_allone/indiv/HVTWZ_combined_1aug17noSR
FloatRelevantUncorrXSPrunSyst/L1_MergLP_GGF_WZ_UnTag_WCR.pdf Graphic file (type
 pdf)
<use /Users/natashawoods/Desktop/asimov_allone/indiv/HVTWZ_combined_1aug17noSRF
loatRelevantUncorrXSPrunSyst/L1_MergLP_GGF_WZ_UnTag_WCR.pdf>
Package pdftex.def Info: /Users/natashawoods/Desktop/asimov_allone/indiv/HVTWZ_
combined_1aug17noSRFloatRelevantUncorrXSPrunSyst/L1_MergLP_GGF_WZ_UnTag_WCR.pdf
  used on input line 231.
(pdftex.def)             Requested size: 68.46588pt x 83.55977pt.
</Users/natashawoods/Desktop/asimov_allone/indiv/HVTWZ_combined_1aug17noSRFloat
RelevantUncorrXSSingleBinPrunSyst/L1_MergHP_GGF_WZ_UnTag_TCR.pdf, id=1157, 569.
12625pt x 694.595pt>
File: /Users/natashawoods/Desktop/asimov_allone/indiv/HVTWZ_combined_1aug17noSR
FloatRelevantUncorrXSSingleBinPrunSyst/L1_MergHP_GGF_WZ_UnTag_TCR.pdf Graphic f
ile (type pdf)
<use /Users/natashawoods/Desktop/asimov_allone/indiv/HVTWZ_combined_1aug17noSRF
loatRelevantUncorrXSSingleBinPrunSyst/L1_MergHP_GGF_WZ_UnTag_TCR.pdf>
Package pdftex.def Info: /Users/natashawoods/Desktop/asimov_allone/indiv/HVTWZ_
combined_1aug17noSRFloatRelevantUncorrXSSingleBinPrunSyst/L1_MergHP_GGF_WZ_UnTa
g_TCR.pdf  used on input line 231.
(pdftex.def)             Requested size: 68.46588pt x 83.55977pt.
</Users/natashawoods/Desktop/asimov_allone/indiv/HVTWZ_combined_1aug17noSRFloat
RelevantUncorrXSSingleBinPrunSyst/L1_MergHP_GGF_WZ_UnTag_WCR.pdf, id=1158, 569.
12625pt x 694.595pt>
File: /Users/natashawoods/Desktop/asimov_allone/indiv/HVTWZ_combined_1aug17noSR
FloatRelevantUncorrXSSingleBinPrunSyst/L1_MergHP_GGF_WZ_UnTag_WCR.pdf Graphic f
ile (type pdf)
<use /Users/natashawoods/Desktop/asimov_allone/indiv/HVTWZ_combined_1aug17noSRF
loatRelevantUncorrXSSingleBinPrunSyst/L1_MergHP_GGF_WZ_UnTag_WCR.pdf>
Package pdftex.def Info: /Users/natashawoods/Desktop/asimov_allone/indiv/HVTWZ_
combined_1aug17noSRFloatRelevantUncorrXSSingleBinPrunSyst/L1_MergHP_GGF_WZ_UnTa
g_WCR.pdf  used on input line 231.
(pdftex.def)             Requested size: 68.46588pt x 83.55977pt.
</Users/natashawoods/Desktop/asimov_allone/indiv/HVTWZ_combined_1aug17noSRFloat
RelevantUncorrXSSingleBinPrunSyst/L1_MergLP_GGF_WZ_UnTag_TCR.pdf, id=1159, 569.
12625pt x 694.595pt>
File: /Users/natashawoods/Desktop/asimov_allone/indiv/HVTWZ_combined_1aug17noSR
FloatRelevantUncorrXSSingleBinPrunSyst/L1_MergLP_GGF_WZ_UnTag_TCR.pdf Graphic f
ile (type pdf)
<use /Users/natashawoods/Desktop/asimov_allone/indiv/HVTWZ_combined_1aug17noSRF
loatRelevantUncorrXSSingleBinPrunSyst/L1_MergLP_GGF_WZ_UnTag_TCR.pdf>
Package pdftex.def Info: /Users/natashawoods/Desktop/asimov_allone/indiv/HVTWZ_
combined_1aug17noSRFloatRelevantUncorrXSSingleBinPrunSyst/L1_MergLP_GGF_WZ_UnTa
g_TCR.pdf  used on input line 231.
(pdftex.def)             Requested size: 68.46588pt x 83.55977pt.
</Users/natashawoods/Desktop/asimov_allone/indiv/HVTWZ_combined_1aug17noSRFloat
RelevantUncorrXSSingleBinPrunSyst/L1_MergLP_GGF_WZ_UnTag_WCR.pdf, id=1160, 569.
12625pt x 694.595pt>
File: /Users/natashawoods/Desktop/asimov_allone/indiv/HVTWZ_combined_1aug17noSR
FloatRelevantUncorrXSSingleBinPrunSyst/L1_MergLP_GGF_WZ_UnTag_WCR.pdf Graphic f
ile (type pdf)
<use /Users/natashawoods/Desktop/asimov_allone/indiv/HVTWZ_combined_1aug17noSRF
loatRelevantUncorrXSSingleBinPrunSyst/L1_MergLP_GGF_WZ_UnTag_WCR.pdf>
Package pdftex.def Info: /Users/natashawoods/Desktop/asimov_allone/indiv/HVTWZ_
combined_1aug17noSRFloatRelevantUncorrXSSingleBinPrunSyst/L1_MergLP_GGF_WZ_UnTa
g_WCR.pdf  used on input line 231.
(pdftex.def)             Requested size: 68.46588pt x 83.55977pt.
 [13

 </Users/natashawoods/Desktop/asimov_allone/indiv/HVTWZ_combined_1aug17noSRFloa
tRelevantUncorrXSPrunSyst/L1_MergHP_GGF_WZ_UnTag_TCR.pdf> </Users/natashawoods/
Desktop/asimov_allone/indiv/HVTWZ_combined_1aug17noSRFloatRelevantUncorrXSPrunS
yst/L1_MergLP_GGF_WZ_UnTag_TCR.pdf> </Users/natashawoods/Desktop/asimov_allone/
indiv/HVTWZ_combined_1aug17noSRFloatRelevantUncorrXSPrunSyst/L1_MergLP_GGF_WZ_U
nTag_WCR.pdf> </Users/natashawoods/Desktop/asimov_allone/indiv/HVTWZ_combined_1
aug17noSRFloatRelevantUncorrXSSingleBinPrunSyst/L1_MergHP_GGF_WZ_UnTag_TCR.pdf>
 </Users/natashawoods/Desktop/asimov_allone/indiv/HVTWZ_combined_1aug17noSRFloa
tRelevantUncorrXSSingleBinPrunSyst/L1_MergHP_GGF_WZ_UnTag_WCR.pdf> </Users/nata
shawoods/Desktop/asimov_allone/indiv/HVTWZ_combined_1aug17noSRFloatRelevantUnco
rrXSSingleBinPrunSyst/L1_MergLP_GGF_WZ_UnTag_TCR.pdf> </Users/natashawoods/Desk
top/asimov_allone/indiv/HVTWZ_combined_1aug17noSRFloatRelevantUncorrXSSingleBin
PrunSyst/L1_MergLP_GGF_WZ_UnTag_WCR.pdf>]
</Users/natashawoods/Desktop/asimov_allone/indiv/HVTWZ_combined_1aug17noSRFloat
RelevantUncorrXSPrunSyst/L1_Res_GGF_WZ_Tag_TCR.pdf, id=1489, 569.12625pt x 694.
595pt>
File: /Users/natashawoods/Desktop/asimov_allone/indiv/HVTWZ_combined_1aug17noSR
FloatRelevantUncorrXSPrunSyst/L1_Res_GGF_WZ_Tag_TCR.pdf Graphic file (type pdf)

<use /Users/natashawoods/Desktop/asimov_allone/indiv/HVTWZ_combined_1aug17noSRF
loatRelevantUncorrXSPrunSyst/L1_Res_GGF_WZ_Tag_TCR.pdf>
Package pdftex.def Info: /Users/natashawoods/Desktop/asimov_allone/indiv/HVTWZ_
combined_1aug17noSRFloatRelevantUncorrXSPrunSyst/L1_Res_GGF_WZ_Tag_TCR.pdf  use
d on input line 257.
(pdftex.def)             Requested size: 68.46588pt x 83.55977pt.
</Users/natashawoods/Desktop/asimov_allone/indiv/HVTWZ_combined_1aug17noSRFloat
RelevantUncorrXSPrunSyst/L1_Res_GGF_WZ_Tag_WCR.pdf, id=1490, 569.12625pt x 694.
595pt>
File: /Users/natashawoods/Desktop/asimov_allone/indiv/HVTWZ_combined_1aug17noSR
FloatRelevantUncorrXSPrunSyst/L1_Res_GGF_WZ_Tag_WCR.pdf Graphic file (type pdf)

<use /Users/natashawoods/Desktop/asimov_allone/indiv/HVTWZ_combined_1aug17noSRF
loatRelevantUncorrXSPrunSyst/L1_Res_GGF_WZ_Tag_WCR.pdf>
Package pdftex.def Info: /Users/natashawoods/Desktop/asimov_allone/indiv/HVTWZ_
combined_1aug17noSRFloatRelevantUncorrXSPrunSyst/L1_Res_GGF_WZ_Tag_WCR.pdf  use
d on input line 257.
(pdftex.def)             Requested size: 68.46588pt x 83.55977pt.
</Users/natashawoods/Desktop/asimov_allone/indiv/HVTWZ_combined_1aug17noSRFloat
RelevantUncorrXSPrunSyst/L1_Res_GGF_WZ_UnTag_TCR.pdf, id=1491, 569.12625pt x 69
4.595pt>
File: /Users/natashawoods/Desktop/asimov_allone/indiv/HVTWZ_combined_1aug17noSR
FloatRelevantUncorrXSPrunSyst/L1_Res_GGF_WZ_UnTag_TCR.pdf Graphic file (type pd
f)
<use /Users/natashawoods/Desktop/asimov_allone/indiv/HVTWZ_combined_1aug17noSRF
loatRelevantUncorrXSPrunSyst/L1_Res_GGF_WZ_UnTag_TCR.pdf>
Package pdftex.def Info: /Users/natashawoods/Desktop/asimov_allone/indiv/HVTWZ_
combined_1aug17noSRFloatRelevantUncorrXSPrunSyst/L1_Res_GGF_WZ_UnTag_TCR.pdf  u
sed on input line 257.
(pdftex.def)             Requested size: 68.46588pt x 83.55977pt.
</Users/natashawoods/Desktop/asimov_allone/indiv/HVTWZ_combined_1aug17noSRFloat
RelevantUncorrXSPrunSyst/L1_Res_GGF_WZ_UnTag_WCR.pdf, id=1492, 569.12625pt x 69
4.595pt>
File: /Users/natashawoods/Desktop/asimov_allone/indiv/HVTWZ_combined_1aug17noSR
FloatRelevantUncorrXSPrunSyst/L1_Res_GGF_WZ_UnTag_WCR.pdf Graphic file (type pd
f)
<use /Users/natashawoods/Desktop/asimov_allone/indiv/HVTWZ_combined_1aug17noSRF
loatRelevantUncorrXSPrunSyst/L1_Res_GGF_WZ_UnTag_WCR.pdf>
Package pdftex.def Info: /Users/natashawoods/Desktop/asimov_allone/indiv/HVTWZ_
combined_1aug17noSRFloatRelevantUncorrXSPrunSyst/L1_Res_GGF_WZ_UnTag_WCR.pdf  u
sed on input line 257.
(pdftex.def)             Requested size: 68.46588pt x 83.55977pt.
</Users/natashawoods/Desktop/asimov_allone/indiv/HVTWZ_combined_1aug17noSRFloat
RelevantUncorrXSSingleBinPrunSyst/L1_Res_GGF_WZ_Tag_TCR.pdf, id=1493, 569.12625
pt x 694.595pt>
File: /Users/natashawoods/Desktop/asimov_allone/indiv/HVTWZ_combined_1aug17noSR
FloatRelevantUncorrXSSingleBinPrunSyst/L1_Res_GGF_WZ_Tag_TCR.pdf Graphic file (
type pdf)
<use /Users/natashawoods/Desktop/asimov_allone/indiv/HVTWZ_combined_1aug17noSRF
loatRelevantUncorrXSSingleBinPrunSyst/L1_Res_GGF_WZ_Tag_TCR.pdf>
Package pdftex.def Info: /Users/natashawoods/Desktop/asimov_allone/indiv/HVTWZ_
combined_1aug17noSRFloatRelevantUncorrXSSingleBinPrunSyst/L1_Res_GGF_WZ_Tag_TCR
.pdf  used on input line 257.
(pdftex.def)             Requested size: 68.46588pt x 83.55977pt.
</Users/natashawoods/Desktop/asimov_allone/indiv/HVTWZ_combined_1aug17noSRFloat
RelevantUncorrXSSingleBinPrunSyst/L1_Res_GGF_WZ_Tag_WCR.pdf, id=1494, 569.12625
pt x 694.595pt>
File: /Users/natashawoods/Desktop/asimov_allone/indiv/HVTWZ_combined_1aug17noSR
FloatRelevantUncorrXSSingleBinPrunSyst/L1_Res_GGF_WZ_Tag_WCR.pdf Graphic file (
type pdf)
<use /Users/natashawoods/Desktop/asimov_allone/indiv/HVTWZ_combined_1aug17noSRF
loatRelevantUncorrXSSingleBinPrunSyst/L1_Res_GGF_WZ_Tag_WCR.pdf>
Package pdftex.def Info: /Users/natashawoods/Desktop/asimov_allone/indiv/HVTWZ_
combined_1aug17noSRFloatRelevantUncorrXSSingleBinPrunSyst/L1_Res_GGF_WZ_Tag_WCR
.pdf  used on input line 257.
(pdftex.def)             Requested size: 68.46588pt x 83.55977pt.
</Users/natashawoods/Desktop/asimov_allone/indiv/HVTWZ_combined_1aug17noSRFloat
RelevantUncorrXSSingleBinPrunSyst/L1_Res_GGF_WZ_UnTag_TCR.pdf, id=1495, 569.126
25pt x 694.595pt>
File: /Users/natashawoods/Desktop/asimov_allone/indiv/HVTWZ_combined_1aug17noSR
FloatRelevantUncorrXSSingleBinPrunSyst/L1_Res_GGF_WZ_UnTag_TCR.pdf Graphic file
 (type pdf)
<use /Users/natashawoods/Desktop/asimov_allone/indiv/HVTWZ_combined_1aug17noSRF
loatRelevantUncorrXSSingleBinPrunSyst/L1_Res_GGF_WZ_UnTag_TCR.pdf>
Package pdftex.def Info: /Users/natashawoods/Desktop/asimov_allone/indiv/HVTWZ_
combined_1aug17noSRFloatRelevantUncorrXSSingleBinPrunSyst/L1_Res_GGF_WZ_UnTag_T
CR.pdf  used on input line 257.
(pdftex.def)             Requested size: 68.46588pt x 83.55977pt.
</Users/natashawoods/Desktop/asimov_allone/indiv/HVTWZ_combined_1aug17noSRFloat
RelevantUncorrXSSingleBinPrunSyst/L1_Res_GGF_WZ_UnTag_WCR.pdf, id=1496, 569.126
25pt x 694.595pt>
File: /Users/natashawoods/Desktop/asimov_allone/indiv/HVTWZ_combined_1aug17noSR
FloatRelevantUncorrXSSingleBinPrunSyst/L1_Res_GGF_WZ_UnTag_WCR.pdf Graphic file
 (type pdf)
<use /Users/natashawoods/Desktop/asimov_allone/indiv/HVTWZ_combined_1aug17noSRF
loatRelevantUncorrXSSingleBinPrunSyst/L1_Res_GGF_WZ_UnTag_WCR.pdf>
Package pdftex.def Info: /Users/natashawoods/Desktop/asimov_allone/indiv/HVTWZ_
combined_1aug17noSRFloatRelevantUncorrXSSingleBinPrunSyst/L1_Res_GGF_WZ_UnTag_W
CR.pdf  used on input line 257.
(pdftex.def)             Requested size: 68.46588pt x 83.55977pt.

[14

 </Users/natashawoods/Desktop/asimov_allone/indiv/HVTWZ_combined_1aug17noSRFloa
tRelevantUncorrXSPrunSyst/L1_Res_GGF_WZ_Tag_TCR.pdf> </Users/natashawoods/Deskt
op/asimov_allone/indiv/HVTWZ_combined_1aug17noSRFloatRelevantUncorrXSPrunSyst/L
1_Res_GGF_WZ_Tag_WCR.pdf> </Users/natashawoods/Desktop/asimov_allone/indiv/HVTW
Z_combined_1aug17noSRFloatRelevantUncorrXSPrunSyst/L1_Res_GGF_WZ_UnTag_TCR.pdf>
 </Users/natashawoods/Desktop/asimov_allone/indiv/HVTWZ_combined_1aug17noSRFloa
tRelevantUncorrXSPrunSyst/L1_Res_GGF_WZ_UnTag_WCR.pdf> </Users/natashawoods/Des
ktop/asimov_allone/indiv/HVTWZ_combined_1aug17noSRFloatRelevantUncorrXSSingleBi
nPrunSyst/L1_Res_GGF_WZ_Tag_TCR.pdf> </Users/natashawoods/Desktop/asimov_allone
/indiv/HVTWZ_combined_1aug17noSRFloatRelevantUncorrXSSingleBinPrunSyst/L1_Res_G
GF_WZ_Tag_WCR.pdf> </Users/natashawoods/Desktop/asimov_allone/indiv/HVTWZ_combi
ned_1aug17noSRFloatRelevantUncorrXSSingleBinPrunSyst/L1_Res_GGF_WZ_UnTag_TCR.pd
f> </Users/natashawoods/Desktop/asimov_allone/indiv/HVTWZ_combined_1aug17noSRFl
oatRelevantUncorrXSSingleBinPrunSyst/L1_Res_GGF_WZ_UnTag_WCR.pdf>]
! Argument of \beamer@collect@@body has an extra }.
<inserted text> 
                \par 
l.268 \end{tabular}}
                    
I've run across a `}' that doesn't seem to match anything.
For example, `\def\a#1{...}' and `\a}' would produce
this error. If you simply proceed now, the `\par' that
I've just inserted will cause me to report a runaway
argument that might be the root of the problem. But if
your `}' was spurious, just type `2' and it will go away.

Runaway argument?
\crcr \egroup \egroup $\egroup \endgroup 
! Paragraph ended before \beamer@collect@@body was complete.
<to be read again> 
                   \par 
l.268 \end{tabular}}
                    
I suspect you've forgotten a `}', causing me to apply this
control sequence to too much text. How can we recover?
My plan is to forget the whole thing and hope for the best.

! Extra }, or forgotten \endgroup.
<recently read> }
                 
l.268 \end{tabular}}
                    
I've deleted a group-closing symbol because it seems to be
spurious, as in `$x}$'. But perhaps the } is legitimate and
you forgot something else, as in `\hbox{$x}'. In such cases
the way to recover is to insert both the forgotten and the
deleted material, e.g., by typing `I$}'.


! LaTeX Error: \begin{frame} on input line 261 ended by \end{center}.

See the LaTeX manual or LaTeX Companion for explanation.
Type  H <return>  for immediate help.
 ...                                              
                                                  
l.269 \end{table}
                 
Your command was ignored.
Type  I <command> <return>  to replace it with another command,
or  <return>  to continue without it.


! LaTeX Error: \begin{frame} on input line 261 ended by \end{table}.

See the LaTeX manual or LaTeX Companion for explanation.
Type  H <return>  for immediate help.
 ...                                              
                                                  
l.269 \end{table}
                 
Your command was ignored.
Type  I <command> <return>  to replace it with another command,
or  <return>  to continue without it.

! Too many }'s.
\endframe ->\egroup 
                    \begingroup \def \@currenvir {frame}
l.271 \end{frame}
                 
You've closed more groups than you opened.
Such booboos are generally harmless, so keep going.

[15

]
</Users/natashawoods/Desktop/asimov_allone/indiv/multibin/pullsComp_doAsimov1_d
oCondtional1_mu0_Jet.pdf, id=1891, 569.12625pt x 408.52625pt>
File: /Users/natashawoods/Desktop/asimov_allone/indiv/multibin/pullsComp_doAsim
ov1_doCondtional1_mu0_Jet.pdf Graphic file (type pdf)
<use /Users/natashawoods/Desktop/asimov_allone/indiv/multibin/pullsComp_doAsimo
v1_doCondtional1_mu0_Jet.pdf>
Package pdftex.def Info: /Users/natashawoods/Desktop/asimov_allone/indiv/multib
in/pullsComp_doAsimov1_doCondtional1_mu0_Jet.pdf  used on input line 291.
(pdftex.def)             Requested size: 153.64877pt x 110.29109pt.
</Users/natashawoods/Desktop/asimov_allone/indiv/singlebin/pullsComp_doAsimov1_
doCondtional1_mu0_Jet.pdf, id=1892, 569.12625pt x 408.52625pt>
File: /Users/natashawoods/Desktop/asimov_allone/indiv/singlebin/pullsComp_doAsi
mov1_doCondtional1_mu0_Jet.pdf Graphic file (type pdf)
<use /Users/natashawoods/Desktop/asimov_allone/indiv/singlebin/pullsComp_doAsim
ov1_doCondtional1_mu0_Jet.pdf>
Package pdftex.def Info: /Users/natashawoods/Desktop/asimov_allone/indiv/single
bin/pullsComp_doAsimov1_doCondtional1_mu0_Jet.pdf  used on input line 291.
(pdftex.def)             Requested size: 153.64877pt x 110.29109pt.
 [16

 </Users/natashawoods/Desktop/asimov_allone/indiv/multibin/pullsComp_doAsimov1_
doCondtional1_mu0_Jet.pdf, page is rotated 90 degrees> </Users/natashawoods/Des
ktop/asimov_allone/indiv/singlebin/pullsComp_doAsimov1_doCondtional1_mu0_Jet.pd
f, page is rotated 90 degrees>]
</Users/natashawoods/Desktop/asimov_allone/indiv/multibin/pullsComp_doAsimov1_d
oCondtional1_mu0_OtherExp.pdf, id=2005, 569.12625pt x 408.52625pt>
File: /Users/natashawoods/Desktop/asimov_allone/indiv/multibin/pullsComp_doAsim
ov1_doCondtional1_mu0_OtherExp.pdf Graphic file (type pdf)
<use /Users/natashawoods/Desktop/asimov_allone/indiv/multibin/pullsComp_doAsimo
v1_doCondtional1_mu0_OtherExp.pdf>
Package pdftex.def Info: /Users/natashawoods/Desktop/asimov_allone/indiv/multib
in/pullsComp_doAsimov1_doCondtional1_mu0_OtherExp.pdf  used on input line 303.
(pdftex.def)             Requested size: 153.64877pt x 110.29109pt.
</Users/natashawoods/Desktop/asimov_allone/indiv/singlebin/pullsComp_doAsimov1_
doCondtional1_mu0_OtherExp.pdf, id=2006, 569.12625pt x 408.52625pt>
File: /Users/natashawoods/Desktop/asimov_allone/indiv/singlebin/pullsComp_doAsi
mov1_doCondtional1_mu0_OtherExp.pdf Graphic file (type pdf)
<use /Users/natashawoods/Desktop/asimov_allone/indiv/singlebin/pullsComp_doAsim
ov1_doCondtional1_mu0_OtherExp.pdf>
Package pdftex.def Info: /Users/natashawoods/Desktop/asimov_allone/indiv/single
bin/pullsComp_doAsimov1_doCondtional1_mu0_OtherExp.pdf  used on input line 303.

(pdftex.def)             Requested size: 153.64877pt x 110.29109pt.
 [17

 </Users/natashawoods/Desktop/asimov_allone/indiv/multibin/pullsComp_doAsimov1_
doCondtional1_mu0_OtherExp.pdf, page is rotated 90 degrees> </Users/natashawood
s/Desktop/asimov_allone/indiv/singlebin/pullsComp_doAsimov1_doCondtional1_mu0_O
therExp.pdf, page is rotated 90 degrees>]
</Users/natashawoods/Desktop/asimov_allone/indiv/multibin/pullsComp_doAsimov1_d
oCondtional1_mu0_Theory.pdf, id=2119, 569.12625pt x 408.52625pt>
File: /Users/natashawoods/Desktop/asimov_allone/indiv/multibin/pullsComp_doAsim
ov1_doCondtional1_mu0_Theory.pdf Graphic file (type pdf)
<use /Users/natashawoods/Desktop/asimov_allone/indiv/multibin/pullsComp_doAsimo
v1_doCondtional1_mu0_Theory.pdf>
Package pdftex.def Info: /Users/natashawoods/Desktop/asimov_allone/indiv/multib
in/pullsComp_doAsimov1_doCondtional1_mu0_Theory.pdf  used on input line 316.
(pdftex.def)             Requested size: 153.64877pt x 110.29109pt.
</Users/natashawoods/Desktop/asimov_allone/indiv/singlebin/pullsComp_doAsimov1_
doCondtional1_mu0_Theory.pdf, id=2120, 569.12625pt x 408.52625pt>
File: /Users/natashawoods/Desktop/asimov_allone/indiv/singlebin/pullsComp_doAsi
mov1_doCondtional1_mu0_Theory.pdf Graphic file (type pdf)
<use /Users/natashawoods/Desktop/asimov_allone/indiv/singlebin/pullsComp_doAsim
ov1_doCondtional1_mu0_Theory.pdf>
Package pdftex.def Info: /Users/natashawoods/Desktop/asimov_allone/indiv/single
bin/pullsComp_doAsimov1_doCondtional1_mu0_Theory.pdf  used on input line 316.
(pdftex.def)             Requested size: 153.64877pt x 110.29109pt.
 [18

 </Users/natashawoods/Desktop/asimov_allone/indiv/multibin/pullsComp_doAsimov1_
doCondtional1_mu0_Theory.pdf, page is rotated 90 degrees> </Users/natashawoods/
Desktop/asimov_allone/indiv/singlebin/pullsComp_doAsimov1_doCondtional1_mu0_The
ory.pdf, page is rotated 90 degrees>]
</Users/natashawoods/Desktop/asimov_allone/indiv/multibin/pullsComp_doAsimov1_d
oCondtional1_mu0_XS.pdf, id=2233, 569.12625pt x 408.52625pt>
File: /Users/natashawoods/Desktop/asimov_allone/indiv/multibin/pullsComp_doAsim
ov1_doCondtional1_mu0_XS.pdf Graphic file (type pdf)
<use /Users/natashawoods/Desktop/asimov_allone/indiv/multibin/pullsComp_doAsimo
v1_doCondtional1_mu0_XS.pdf>
Package pdftex.def Info: /Users/natashawoods/Desktop/asimov_allone/indiv/multib
in/pullsComp_doAsimov1_doCondtional1_mu0_XS.pdf  used on input line 328.
(pdftex.def)             Requested size: 153.64877pt x 110.29109pt.
</Users/natashawoods/Desktop/asimov_allone/indiv/singlebin/pullsComp_doAsimov1_
doCondtional1_mu0_XS.pdf, id=2234, 569.12625pt x 408.52625pt>
File: /Users/natashawoods/Desktop/asimov_allone/indiv/singlebin/pullsComp_doAsi
mov1_doCondtional1_mu0_XS.pdf Graphic file (type pdf)
<use /Users/natashawoods/Desktop/asimov_allone/indiv/singlebin/pullsComp_doAsim
ov1_doCondtional1_mu0_XS.pdf>
Package pdftex.def Info: /Users/natashawoods/Desktop/asimov_allone/indiv/single
bin/pullsComp_doAsimov1_doCondtional1_mu0_XS.pdf  used on input line 328.
(pdftex.def)             Requested size: 153.64877pt x 110.29109pt.
 [19

 </Users/natashawoods/Desktop/asimov_allone/indiv/multibin/pullsComp_doAsimov1_
doCondtional1_mu0_XS.pdf, page is rotated 90 degrees> </Users/natashawoods/Desk
top/asimov_allone/indiv/singlebin/pullsComp_doAsimov1_doCondtional1_mu0_XS.pdf,
 page is rotated 90 degrees>]
</Users/natashawoods/Desktop/asimov_allone/indiv/multibin/pullsComp_doAsimov0_d
oCondtional1_mu0_Jet.pdf, id=2347, 569.12625pt x 408.52625pt>
File: /Users/natashawoods/Desktop/asimov_allone/indiv/multibin/pullsComp_doAsim
ov0_doCondtional1_mu0_Jet.pdf Graphic file (type pdf)
<use /Users/natashawoods/Desktop/asimov_allone/indiv/multibin/pullsComp_doAsimo
v0_doCondtional1_mu0_Jet.pdf>
Package pdftex.def Info: /Users/natashawoods/Desktop/asimov_allone/indiv/multib
in/pullsComp_doAsimov0_doCondtional1_mu0_Jet.pdf  used on input line 342.
(pdftex.def)             Requested size: 153.64877pt x 110.29109pt.
</Users/natashawoods/Desktop/asimov_allone/indiv/singlebin/pullsComp_doAsimov0_
doCondtional1_mu0_Jet.pdf, id=2348, 569.12625pt x 408.52625pt>
File: /Users/natashawoods/Desktop/asimov_allone/indiv/singlebin/pullsComp_doAsi
mov0_doCondtional1_mu0_Jet.pdf Graphic file (type pdf)
<use /Users/natashawoods/Desktop/asimov_allone/indiv/singlebin/pullsComp_doAsim
ov0_doCondtional1_mu0_Jet.pdf>
Package pdftex.def Info: /Users/natashawoods/Desktop/asimov_allone/indiv/single
bin/pullsComp_doAsimov0_doCondtional1_mu0_Jet.pdf  used on input line 342.
(pdftex.def)             Requested size: 153.64877pt x 110.29109pt.
[20

 </Users/natashawoods/Desktop/asimov_allone/indiv/multibin/pullsComp_doAsimov0_
doCondtional1_mu0_Jet.pdf, page is rotated 90 degrees> </Users/natashawoods/Des
ktop/asimov_allone/indiv/singlebin/pullsComp_doAsimov0_doCondtional1_mu0_Jet.pd
f, page is rotated 90 degrees>]
</Users/natashawoods/Desktop/asimov_allone/indiv/multibin/pullsComp_doAsimov0_d
oCondtional1_mu0_OtherExp.pdf, id=2460, 569.12625pt x 408.52625pt>
File: /Users/natashawoods/Desktop/asimov_allone/indiv/multibin/pullsComp_doAsim
ov0_doCondtional1_mu0_OtherExp.pdf Graphic file (type pdf)
<use /Users/natashawoods/Desktop/asimov_allone/indiv/multibin/pullsComp_doAsimo
v0_doCondtional1_mu0_OtherExp.pdf>
Package pdftex.def Info: /Users/natashawoods/Desktop/asimov_allone/indiv/multib
in/pullsComp_doAsimov0_doCondtional1_mu0_OtherExp.pdf  used on input line 354.
(pdftex.def)             Requested size: 153.64877pt x 110.29109pt.
</Users/natashawoods/Desktop/asimov_allone/indiv/singlebin/pullsComp_doAsimov0_
doCondtional1_mu0_OtherExp.pdf, id=2461, 569.12625pt x 408.52625pt>
File: /Users/natashawoods/Desktop/asimov_allone/indiv/singlebin/pullsComp_doAsi
mov0_doCondtional1_mu0_OtherExp.pdf Graphic file (type pdf)
<use /Users/natashawoods/Desktop/asimov_allone/indiv/singlebin/pullsComp_doAsim
ov0_doCondtional1_mu0_OtherExp.pdf>
Package pdftex.def Info: /Users/natashawoods/Desktop/asimov_allone/indiv/single
bin/pullsComp_doAsimov0_doCondtional1_mu0_OtherExp.pdf  used on input line 354.

(pdftex.def)             Requested size: 153.64877pt x 110.29109pt.
 [21

 </Users/natashawoods/Desktop/asimov_allone/indiv/multibin/pullsComp_doAsimov0_
doCondtional1_mu0_OtherExp.pdf, page is rotated 90 degrees> </Users/natashawood
s/Desktop/asimov_allone/indiv/singlebin/pullsComp_doAsimov0_doCondtional1_mu0_O
therExp.pdf, page is rotated 90 degrees>]
</Users/natashawoods/Desktop/asimov_allone/indiv/multibin/pullsComp_doAsimov0_d
oCondtional1_mu0_Theory.pdf, id=2574, 569.12625pt x 408.52625pt>
File: /Users/natashawoods/Desktop/asimov_allone/indiv/multibin/pullsComp_doAsim
ov0_doCondtional1_mu0_Theory.pdf Graphic file (type pdf)
<use /Users/natashawoods/Desktop/asimov_allone/indiv/multibin/pullsComp_doAsimo
v0_doCondtional1_mu0_Theory.pdf>
Package pdftex.def Info: /Users/natashawoods/Desktop/asimov_allone/indiv/multib
in/pullsComp_doAsimov0_doCondtional1_mu0_Theory.pdf  used on input line 367.
(pdftex.def)             Requested size: 153.64877pt x 110.29109pt.
</Users/natashawoods/Desktop/asimov_allone/indiv/singlebin/pullsComp_doAsimov0_
doCondtional1_mu0_Theory.pdf, id=2575, 569.12625pt x 408.52625pt>
File: /Users/natashawoods/Desktop/asimov_allone/indiv/singlebin/pullsComp_doAsi
mov0_doCondtional1_mu0_Theory.pdf Graphic file (type pdf)
<use /Users/natashawoods/Desktop/asimov_allone/indiv/singlebin/pullsComp_doAsim
ov0_doCondtional1_mu0_Theory.pdf>
Package pdftex.def Info: /Users/natashawoods/Desktop/asimov_allone/indiv/single
bin/pullsComp_doAsimov0_doCondtional1_mu0_Theory.pdf  used on input line 367.
(pdftex.def)             Requested size: 153.64877pt x 110.29109pt.
[22

 </Users/natashawoods/Desktop/asimov_allone/indiv/multibin/pullsComp_doAsimov0_
doCondtional1_mu0_Theory.pdf, page is rotated 90 degrees> </Users/natashawoods/
Desktop/asimov_allone/indiv/singlebin/pullsComp_doAsimov0_doCondtional1_mu0_The
ory.pdf, page is rotated 90 degrees>]
</Users/natashawoods/Desktop/asimov_allone/indiv/multibin/pullsComp_doAsimov0_d
oCondtional1_mu0_XS.pdf, id=2687, 569.12625pt x 408.52625pt>
File: /Users/natashawoods/Desktop/asimov_allone/indiv/multibin/pullsComp_doAsim
ov0_doCondtional1_mu0_XS.pdf Graphic file (type pdf)
<use /Users/natashawoods/Desktop/asimov_allone/indiv/multibin/pullsComp_doAsimo
v0_doCondtional1_mu0_XS.pdf>
Package pdftex.def Info: /Users/natashawoods/Desktop/asimov_allone/indiv/multib
in/pullsComp_doAsimov0_doCondtional1_mu0_XS.pdf  used on input line 379.
(pdftex.def)             Requested size: 153.64877pt x 110.29109pt.
</Users/natashawoods/Desktop/asimov_allone/indiv/singlebin/pullsComp_doAsimov0_
doCondtional1_mu0_XS.pdf, id=2688, 569.12625pt x 408.52625pt>
File: /Users/natashawoods/Desktop/asimov_allone/indiv/singlebin/pullsComp_doAsi
mov0_doCondtional1_mu0_XS.pdf Graphic file (type pdf)
<use /Users/natashawoods/Desktop/asimov_allone/indiv/singlebin/pullsComp_doAsim
ov0_doCondtional1_mu0_XS.pdf>
Package pdftex.def Info: /Users/natashawoods/Desktop/asimov_allone/indiv/single
bin/pullsComp_doAsimov0_doCondtional1_mu0_XS.pdf  used on input line 379.
(pdftex.def)             Requested size: 153.64877pt x 110.29109pt.
 [23

 </Users/natashawoods/Desktop/asimov_allone/indiv/multibin/pullsComp_doAsimov0_
doCondtional1_mu0_XS.pdf, page is rotated 90 degrees> </Users/natashawoods/Desk
top/asimov_allone/indiv/singlebin/pullsComp_doAsimov0_doCondtional1_mu0_XS.pdf,
 page is rotated 90 degrees>]
File: /Users/natashawoods/Desktop/asimov_allone/indiv/HVTWZ_combined_1aug17noSR
FloatRelevantUncorrXSPrunSyst/corr_doAsimov0_doCondtional1_mu0_HighCorr.pdf Gra
phic file (type pdf)
<use /Users/natashawoods/Desktop/asimov_allone/indiv/HVTWZ_combined_1aug17noSRF
loatRelevantUncorrXSPrunSyst/corr_doAsimov0_doCondtional1_mu0_HighCorr.pdf>
Package pdftex.def Info: /Users/natashawoods/Desktop/asimov_allone/indiv/HVTWZ_
combined_1aug17noSRFloatRelevantUncorrXSPrunSyst/corr_doAsimov0_doCondtional1_m
u0_HighCorr.pdf  used on input line 395.
(pdftex.def)             Requested size: 153.64877pt x 110.29109pt.
File: /Users/natashawoods/Desktop/asimov_allone/indiv/HVTWZ_combined_1aug17noSR
FloatRelevantUncorrXSSingleBinPrunSyst/corr_doAsimov0_doCondtional1_mu0_HighCor
r.pdf Graphic file (type pdf)
<use /Users/natashawoods/Desktop/asimov_allone/indiv/HVTWZ_combined_1aug17noSRF
loatRelevantUncorrXSSingleBinPrunSyst/corr_doAsimov0_doCondtional1_mu0_HighCorr
.pdf>
Package pdftex.def Info: /Users/natashawoods/Desktop/asimov_allone/indiv/HVTWZ_
combined_1aug17noSRFloatRelevantUncorrXSSingleBinPrunSyst/corr_doAsimov0_doCond
tional1_mu0_HighCorr.pdf  used on input line 395.
(pdftex.def)             Requested size: 153.64877pt x 110.29109pt.

[24

] [25

]
\tf@nav=\write6
\openout6 = `presentation_1.nav'.

\tf@toc=\write7
\openout7 = `presentation_1.toc'.

\tf@snm=\write8
\openout8 = `presentation_1.snm'.

Package atveryend Info: Empty hook `BeforeClearDocument' on input line 582.
Package atveryend Info: Empty hook `AfterLastShipout' on input line 582.
 (./presentation_1.aux)
Package atveryend Info: Executing hook `AtVeryEndDocument' on input line 582.
Package atveryend Info: Executing hook `AtEndAfterFileList' on input line 582.


Package rerunfilecheck Warning: File `presentation_1.out' has changed.
(rerunfilecheck)                Rerun to get outlines right
(rerunfilecheck)                or use package `bookmark'.

Package rerunfilecheck Info: Checksums for `presentation_1.out':
(rerunfilecheck)             Before: 7A048DC36C7455C4B7B872D6A71ED5E2;391
(rerunfilecheck)             After:  79EC3550034D591DB427C31AD554D04E;391.
 ) 
Here is how much of TeX's memory you used:
 18850 strings out of 492616
 380517 string characters out of 6129482
 431885 words of memory out of 5000000
 22293 multiletter control sequences out of 15000+600000
 9556 words of font info for 35 fonts, out of 8000000 for 9000
 1141 hyphenation exceptions out of 8191
 56i,14n,59p,840b,694s stack positions out of 5000i,500n,10000p,200000b,80000s
pdfTeX warning (dest): name{Navigation26} has been referenced but does not ex
ist, replaced by a fixed one

pdfTeX warning (dest): name{Outline0.2.2.21} has been referenced but does not e
xist, replaced by a fixed one

pdfTeX warning (dest): name{Outline0.2.1.17} has been referenced but does not e
xist, replaced by a fixed one

</usr/local/texlive/2019/texmf-dist/fonts/type1/public/amsfonts/cm/cmmi12.pfb><
/usr/local/texlive/2019/texmf-dist/fonts/type1/public/amsfonts/cm/cmss10.pfb></
usr/local/texlive/2019/texmf-dist/fonts/type1/public/amsfonts/cm/cmss12.pfb></u
sr/local/texlive/2019/texmf-dist/fonts/type1/public/amsfonts/cm/cmss8.pfb></usr
/local/texlive/2019/texmf-dist/fonts/type1/public/amsfonts/cm/cmssi12.pfb>
Output written on presentation_1.pdf (25 pages, 936344 bytes).
PDF statistics:
 2885 PDF objects out of 2984 (max. 8388607)
 1557 compressed objects within 16 object streams
 60 named destinations out of 1000 (max. 500000)
 336 words of extra memory for PDF output out of 10000 (max. 10000000)

